{"contracts/ERC677BridgeToken.sol":{"l":{"26":17,"30":102,"31":94,"35":179,"37":167,"41":167,"42":167,"44":167,"45":167,"47":83,"51":1,"55":386,"59":219,"60":213,"61":200,"65":42,"66":30,"67":30,"71":259,"72":44,"73":31,"78":36,"89":329,"93":6,"97":6,"101":8,"105":3,"109":3},"path":"/Users/kirillfedoseev/work/tokenbridge-contracts/contracts/contracts/ERC677BridgeToken.sol","s":{"1":17,"2":102,"3":94,"4":179,"5":167,"6":167,"7":167,"8":167,"9":83,"10":1,"11":386,"12":219,"13":213,"14":200,"15":42,"16":30,"17":30,"18":259,"19":44,"20":31,"21":36,"22":329,"23":6,"24":6,"25":8,"26":3,"27":3},"b":{"1":[94,8],"2":[167,12],"3":[167,0],"4":[167,0],"5":[83,84],"6":[213,6],"7":[30,12],"8":[44,215],"9":[31,13]},"f":{"1":613,"2":17,"3":102,"4":179,"5":167,"6":1,"7":386,"8":219,"9":42,"10":259,"11":36,"12":329,"13":6,"14":6,"15":8,"16":3,"17":3},"fnMap":{"1":{"name":"constructor","line":21,"loc":{"start":{"line":21,"column":4},"end":{"line":23,"column":4}}},"2":{"name":"bridgeContract","line":25,"loc":{"start":{"line":25,"column":4},"end":{"line":27,"column":4}}},"3":{"name":"setBridgeContract","line":29,"loc":{"start":{"line":29,"column":4},"end":{"line":32,"column":4}}},"4":{"name":"validRecipient","line":34,"loc":{"start":{"line":34,"column":4},"end":{"line":38,"column":4}}},"5":{"name":"transferAndCall","line":40,"loc":{"start":{"line":40,"column":4},"end":{"line":48,"column":4}}},"6":{"name":"getTokenInterfacesVersion","line":50,"loc":{"start":{"line":50,"column":4},"end":{"line":52,"column":4}}},"7":{"name":"superTransfer","line":54,"loc":{"start":{"line":54,"column":4},"end":{"line":56,"column":4}}},"8":{"name":"transfer","line":58,"loc":{"start":{"line":58,"column":4},"end":{"line":62,"column":4}}},"9":{"name":"transferFrom","line":64,"loc":{"start":{"line":64,"column":4},"end":{"line":68,"column":4}}},"10":{"name":"callAfterTransfer","line":70,"loc":{"start":{"line":70,"column":4},"end":{"line":75,"column":4}}},"11":{"name":"isBridge","line":77,"loc":{"start":{"line":77,"column":4},"end":{"line":79,"column":4}}},"12":{"name":"contractFallback","line":88,"loc":{"start":{"line":88,"column":4},"end":{"line":90,"column":4}}},"13":{"name":"finishMinting","line":92,"loc":{"start":{"line":92,"column":4},"end":{"line":94,"column":4}}},"14":{"name":"renounceOwnership","line":96,"loc":{"start":{"line":96,"column":4},"end":{"line":98,"column":4}}},"15":{"name":"claimTokens","line":100,"loc":{"start":{"line":100,"column":4},"end":{"line":102,"column":4}}},"16":{"name":"increaseAllowance","line":104,"loc":{"start":{"line":104,"column":4},"end":{"line":106,"column":4}}},"17":{"name":"decreaseAllowance","line":108,"loc":{"start":{"line":108,"column":4},"end":{"line":110,"column":4}}}},"statementMap":{"1":{"start":{"line":26,"column":8},"end":{"line":26,"column":33}},"2":{"start":{"line":30,"column":8},"end":{"line":30,"column":56}},"3":{"start":{"line":31,"column":8},"end":{"line":31,"column":43}},"4":{"start":{"line":35,"column":8},"end":{"line":35,"column":71}},"5":{"start":{"line":41,"column":8},"end":{"line":41,"column":42}},"6":{"start":{"line":42,"column":8},"end":{"line":42,"column":53}},"7":{"start":{"line":44,"column":8},"end":{"line":44,"column":1736}},"8":{"start":{"line":45,"column":12},"end":{"line":45,"column":68}},"9":{"start":{"line":47,"column":8},"end":{"line":47,"column":19}},"10":{"start":{"line":51,"column":8},"end":{"line":51,"column":24}},"11":{"start":{"line":55,"column":8},"end":{"line":55,"column":42}},"12":{"start":{"line":59,"column":8},"end":{"line":59,"column":42}},"13":{"start":{"line":60,"column":8},"end":{"line":60,"column":49}},"14":{"start":{"line":61,"column":8},"end":{"line":61,"column":19}},"15":{"start":{"line":65,"column":8},"end":{"line":65,"column":54}},"16":{"start":{"line":66,"column":8},"end":{"line":66,"column":44}},"17":{"start":{"line":67,"column":8},"end":{"line":67,"column":19}},"18":{"start":{"line":71,"column":8},"end":{"line":71,"column":2675}},"19":{"start":{"line":72,"column":12},"end":{"line":72,"column":34}},"20":{"start":{"line":73,"column":12},"end":{"line":73,"column":63}},"21":{"start":{"line":78,"column":8},"end":{"line":78,"column":45}},"22":{"start":{"line":89,"column":8},"end":{"line":89,"column":88}},"23":{"start":{"line":93,"column":8},"end":{"line":93,"column":15}},"24":{"start":{"line":97,"column":8},"end":{"line":97,"column":15}},"25":{"start":{"line":101,"column":8},"end":{"line":101,"column":31}},"26":{"start":{"line":105,"column":8},"end":{"line":105,"column":58}},"27":{"start":{"line":109,"column":8},"end":{"line":109,"column":63}}},"branchMap":{"1":{"line":30,"type":"if","locations":[{"start":{"line":30,"column":8},"end":{"line":30,"column":8}},{"start":{"line":30,"column":8},"end":{"line":30,"column":8}}]},"2":{"line":35,"type":"if","locations":[{"start":{"line":35,"column":8},"end":{"line":35,"column":8}},{"start":{"line":35,"column":8},"end":{"line":35,"column":8}}]},"3":{"line":41,"type":"if","locations":[{"start":{"line":41,"column":8},"end":{"line":41,"column":8}},{"start":{"line":41,"column":8},"end":{"line":41,"column":8}}]},"4":{"line":44,"type":"if","locations":[{"start":{"line":44,"column":8},"end":{"line":44,"column":8}},{"start":{"line":44,"column":8},"end":{"line":44,"column":8}}]},"5":{"line":45,"type":"if","locations":[{"start":{"line":45,"column":12},"end":{"line":45,"column":12}},{"start":{"line":45,"column":12},"end":{"line":45,"column":12}}]},"6":{"line":59,"type":"if","locations":[{"start":{"line":59,"column":8},"end":{"line":59,"column":8}},{"start":{"line":59,"column":8},"end":{"line":59,"column":8}}]},"7":{"line":65,"type":"if","locations":[{"start":{"line":65,"column":8},"end":{"line":65,"column":8}},{"start":{"line":65,"column":8},"end":{"line":65,"column":8}}]},"8":{"line":71,"type":"if","locations":[{"start":{"line":71,"column":8},"end":{"line":71,"column":8}},{"start":{"line":71,"column":8},"end":{"line":71,"column":8}}]},"9":{"line":72,"type":"if","locations":[{"start":{"line":72,"column":12},"end":{"line":72,"column":12}},{"start":{"line":72,"column":12},"end":{"line":72,"column":12}}]}}},"contracts/ERC677BridgeTokenRewardable.sol":{"l":{"17":43,"18":39,"22":8,"23":4,"24":2,"28":16,"30":14,"34":6,"36":4,"40":14,"42":14,"43":14,"44":14,"45":14,"46":14,"51":4,"52":2,"53":2,"57":22,"58":20,"59":18,"63":16,"64":14,"65":12},"path":"/Users/kirillfedoseev/work/tokenbridge-contracts/contracts/contracts/ERC677BridgeTokenRewardable.sol","s":{"1":43,"2":39,"3":8,"4":4,"5":2,"6":16,"7":6,"8":14,"9":0,"10":14,"11":14,"12":14,"13":14,"14":14,"15":4,"16":2,"17":2,"18":22,"19":20,"20":18,"21":16,"22":14,"23":12},"b":{"1":[39,4],"2":[4,4],"3":[2,2],"4":[14,2],"5":[4,2],"6":[0,14],"7":[20,2],"8":[18,2],"9":[14,2],"10":[12,2]},"f":{"1":84,"2":43,"3":8,"4":16,"5":6,"6":14,"7":4,"8":22,"9":16},"fnMap":{"1":{"name":"constructor","line":11,"loc":{"start":{"line":9,"column":4},"end":{"line":14,"column":4}}},"2":{"name":"setBlockRewardContract","line":16,"loc":{"start":{"line":16,"column":4},"end":{"line":19,"column":4}}},"3":{"name":"setStakingContract","line":21,"loc":{"start":{"line":21,"column":4},"end":{"line":25,"column":4}}},"4":{"name":"onlyBlockRewardContract","line":27,"loc":{"start":{"line":27,"column":4},"end":{"line":31,"column":4}}},"5":{"name":"onlyStakingContract","line":33,"loc":{"start":{"line":33,"column":4},"end":{"line":37,"column":4}}},"6":{"name":"mintReward","line":39,"loc":{"start":{"line":39,"column":4},"end":{"line":47,"column":4}}},"7":{"name":"stake","line":49,"loc":{"start":{"line":49,"column":4},"end":{"line":54,"column":4}}},"8":{"name":"transfer","line":56,"loc":{"start":{"line":56,"column":4},"end":{"line":60,"column":4}}},"9":{"name":"transferFrom","line":62,"loc":{"start":{"line":62,"column":4},"end":{"line":66,"column":4}}}},"statementMap":{"1":{"start":{"line":17,"column":8},"end":{"line":17,"column":61}},"2":{"start":{"line":18,"column":8},"end":{"line":18,"column":49}},"3":{"start":{"line":22,"column":8},"end":{"line":22,"column":57}},"4":{"start":{"line":23,"column":8},"end":{"line":23,"column":48}},"5":{"start":{"line":24,"column":8},"end":{"line":24,"column":41}},"6":{"start":{"line":28,"column":8},"end":{"line":28,"column":49}},"7":{"start":{"line":34,"column":8},"end":{"line":34,"column":45}},"8":{"start":{"line":40,"column":8},"end":{"line":40,"column":32}},"9":{"start":{"line":40,"column":26},"end":{"line":40,"column":32}},"10":{"start":{"line":42,"column":8},"end":{"line":42,"column":40}},"11":{"start":{"line":43,"column":8},"end":{"line":43,"column":47}},"12":{"start":{"line":44,"column":8},"end":{"line":44,"column":47}},"13":{"start":{"line":45,"column":8},"end":{"line":45,"column":30}},"14":{"start":{"line":46,"column":8},"end":{"line":46,"column":46}},"15":{"start":{"line":51,"column":8},"end":{"line":51,"column":57}},"16":{"start":{"line":52,"column":8},"end":{"line":52,"column":73}},"17":{"start":{"line":53,"column":8},"end":{"line":53,"column":56}},"18":{"start":{"line":57,"column":8},"end":{"line":57,"column":42}},"19":{"start":{"line":58,"column":8},"end":{"line":58,"column":38}},"20":{"start":{"line":59,"column":8},"end":{"line":59,"column":42}},"21":{"start":{"line":63,"column":8},"end":{"line":63,"column":42}},"22":{"start":{"line":64,"column":8},"end":{"line":64,"column":38}},"23":{"start":{"line":65,"column":8},"end":{"line":65,"column":53}}},"branchMap":{"1":{"line":17,"type":"if","locations":[{"start":{"line":17,"column":8},"end":{"line":17,"column":8}},{"start":{"line":17,"column":8},"end":{"line":17,"column":8}}]},"2":{"line":22,"type":"if","locations":[{"start":{"line":22,"column":8},"end":{"line":22,"column":8}},{"start":{"line":22,"column":8},"end":{"line":22,"column":8}}]},"3":{"line":23,"type":"if","locations":[{"start":{"line":23,"column":8},"end":{"line":23,"column":8}},{"start":{"line":23,"column":8},"end":{"line":23,"column":8}}]},"4":{"line":28,"type":"if","locations":[{"start":{"line":28,"column":8},"end":{"line":28,"column":8}},{"start":{"line":28,"column":8},"end":{"line":28,"column":8}}]},"5":{"line":34,"type":"if","locations":[{"start":{"line":34,"column":8},"end":{"line":34,"column":8}},{"start":{"line":34,"column":8},"end":{"line":34,"column":8}}]},"6":{"line":40,"type":"if","locations":[{"start":{"line":40,"column":8},"end":{"line":40,"column":8}},{"start":{"line":40,"column":8},"end":{"line":40,"column":8}}]},"7":{"line":57,"type":"if","locations":[{"start":{"line":57,"column":8},"end":{"line":57,"column":8}},{"start":{"line":57,"column":8},"end":{"line":57,"column":8}}]},"8":{"line":58,"type":"if","locations":[{"start":{"line":58,"column":8},"end":{"line":58,"column":8}},{"start":{"line":58,"column":8},"end":{"line":58,"column":8}}]},"9":{"line":63,"type":"if","locations":[{"start":{"line":63,"column":8},"end":{"line":63,"column":8}},{"start":{"line":63,"column":8},"end":{"line":63,"column":8}}]},"10":{"line":64,"type":"if","locations":[{"start":{"line":64,"column":8},"end":{"line":64,"column":8}},{"start":{"line":64,"column":8},"end":{"line":64,"column":8}}]}}},"contracts/ERC677MultiBridgeToken.sol":{"l":{"22":100,"29":2,"36":1,"44":93,"45":91,"46":83,"48":81,"49":81,"50":81,"51":81,"52":81,"54":81,"62":16,"64":10,"65":10,"66":10,"67":10,"69":10,"70":7,"71":7,"73":7,"76":10,"77":10,"78":10,"80":10,"88":10,"89":10,"90":10,"91":10,"93":10,"94":16,"95":16,"96":16,"98":16,"101":10,"110":196},"path":"/Users/kirillfedoseev/work/tokenbridge-contracts/contracts/contracts/ERC677MultiBridgeToken.sol","s":{"1":100,"2":2,"3":1,"4":93,"5":91,"6":83,"7":81,"8":81,"9":81,"10":81,"11":81,"12":81,"13":16,"14":10,"15":10,"16":10,"17":10,"18":10,"19":7,"20":7,"21":7,"22":10,"23":10,"24":10,"25":10,"26":10,"27":10,"28":10,"29":10,"30":16,"31":16,"32":16,"33":10,"34":196},"b":{"1":[91,2],"2":[83,8],"3":[81,2],"4":[81,0],"5":[10,6],"6":[10,0],"7":[7,0],"8":[10,0],"9":[16,0]},"f":{"1":100,"2":2,"3":1,"4":93,"5":16,"6":10,"7":196},"fnMap":{"1":{"name":"constructor","line":20,"loc":{"start":{"line":18,"column":4},"end":{"line":23,"column":4}}},"2":{"name":"setBridgeContract","line":28,"loc":{"start":{"line":28,"column":4},"end":{"line":30,"column":4}}},"3":{"name":"bridgeContract","line":35,"loc":{"start":{"line":35,"column":4},"end":{"line":37,"column":4}}},"4":{"name":"addBridge","line":43,"loc":{"start":{"line":43,"column":4},"end":{"line":55,"column":4}}},"5":{"name":"removeBridge","line":61,"loc":{"start":{"line":61,"column":4},"end":{"line":81,"column":4}}},"6":{"name":"bridgeList","line":87,"loc":{"start":{"line":87,"column":4},"end":{"line":102,"column":4}}},"7":{"name":"isBridge","line":109,"loc":{"start":{"line":109,"column":4},"end":{"line":111,"column":4}}}},"statementMap":{"1":{"start":{"line":22,"column":8},"end":{"line":22,"column":38}},"2":{"start":{"line":29,"column":8},"end":{"line":29,"column":15}},"3":{"start":{"line":36,"column":8},"end":{"line":36,"column":15}},"4":{"start":{"line":44,"column":8},"end":{"line":44,"column":41}},"5":{"start":{"line":45,"column":8},"end":{"line":45,"column":48}},"6":{"start":{"line":46,"column":8},"end":{"line":46,"column":34}},"7":{"start":{"line":48,"column":8},"end":{"line":48,"column":52}},"8":{"start":{"line":49,"column":8},"end":{"line":49,"column":41}},"9":{"start":{"line":50,"column":8},"end":{"line":50,"column":39}},"10":{"start":{"line":51,"column":8},"end":{"line":51,"column":44}},"11":{"start":{"line":52,"column":8},"end":{"line":52,"column":39}},"12":{"start":{"line":54,"column":8},"end":{"line":54,"column":33}},"13":{"start":{"line":62,"column":8},"end":{"line":62,"column":33}},"14":{"start":{"line":64,"column":8},"end":{"line":64,"column":52}},"15":{"start":{"line":65,"column":8},"end":{"line":65,"column":30}},"16":{"start":{"line":66,"column":8},"end":{"line":66,"column":44}},"17":{"start":{"line":67,"column":8},"end":{"line":67,"column":34}},"18":{"start":{"line":69,"column":8},"end":{"line":69,"column":2118}},"19":{"start":{"line":70,"column":12},"end":{"line":70,"column":23}},"20":{"start":{"line":71,"column":12},"end":{"line":71,"column":39}},"21":{"start":{"line":73,"column":12},"end":{"line":73,"column":56}},"22":{"start":{"line":76,"column":8},"end":{"line":76,"column":41}},"23":{"start":{"line":78,"column":8},"end":{"line":78,"column":39}},"24":{"start":{"line":80,"column":8},"end":{"line":80,"column":35}},"25":{"start":{"line":88,"column":8},"end":{"line":88,"column":58}},"26":{"start":{"line":89,"column":8},"end":{"line":89,"column":27}},"27":{"start":{"line":90,"column":8},"end":{"line":90,"column":51}},"28":{"start":{"line":91,"column":8},"end":{"line":91,"column":40}},"29":{"start":{"line":93,"column":8},"end":{"line":93,"column":2833}},"30":{"start":{"line":94,"column":12},"end":{"line":94,"column":37}},"31":{"start":{"line":95,"column":12},"end":{"line":95,"column":50}},"32":{"start":{"line":98,"column":12},"end":{"line":98,"column":44}},"33":{"start":{"line":101,"column":8},"end":{"line":101,"column":19}},"34":{"start":{"line":110,"column":8},"end":{"line":110,"column":75}}},"branchMap":{"1":{"line":44,"type":"if","locations":[{"start":{"line":44,"column":8},"end":{"line":44,"column":8}},{"start":{"line":44,"column":8},"end":{"line":44,"column":8}}]},"2":{"line":45,"type":"if","locations":[{"start":{"line":45,"column":8},"end":{"line":45,"column":8}},{"start":{"line":45,"column":8},"end":{"line":45,"column":8}}]},"3":{"line":46,"type":"if","locations":[{"start":{"line":46,"column":8},"end":{"line":46,"column":8}},{"start":{"line":46,"column":8},"end":{"line":46,"column":8}}]},"4":{"line":49,"type":"if","locations":[{"start":{"line":49,"column":8},"end":{"line":49,"column":8}},{"start":{"line":49,"column":8},"end":{"line":49,"column":8}}]},"5":{"line":62,"type":"if","locations":[{"start":{"line":62,"column":8},"end":{"line":62,"column":8}},{"start":{"line":62,"column":8},"end":{"line":62,"column":8}}]},"6":{"line":67,"type":"if","locations":[{"start":{"line":67,"column":8},"end":{"line":67,"column":8}},{"start":{"line":67,"column":8},"end":{"line":67,"column":8}}]},"7":{"line":73,"type":"if","locations":[{"start":{"line":73,"column":12},"end":{"line":73,"column":12}},{"start":{"line":73,"column":12},"end":{"line":73,"column":12}}]},"8":{"line":91,"type":"if","locations":[{"start":{"line":91,"column":8},"end":{"line":91,"column":8}},{"start":{"line":91,"column":8},"end":{"line":91,"column":8}}]},"9":{"line":98,"type":"if","locations":[{"start":{"line":98,"column":12},"end":{"line":98,"column":12}},{"start":{"line":98,"column":12},"end":{"line":98,"column":12}}]}}},"contracts/interfaces/ERC677.sol":{"l":{},"path":"/Users/kirillfedoseev/work/tokenbridge-contracts/contracts/contracts/interfaces/ERC677.sol","s":{},"b":{},"f":{},"fnMap":{},"statementMap":{},"branchMap":{}},"contracts/interfaces/ERC677Receiver.sol":{"l":{},"path":"/Users/kirillfedoseev/work/tokenbridge-contracts/contracts/contracts/interfaces/ERC677Receiver.sol","s":{},"b":{},"f":{},"fnMap":{},"statementMap":{},"branchMap":{}},"contracts/interfaces/IAMB.sol":{"l":{},"path":"/Users/kirillfedoseev/work/tokenbridge-contracts/contracts/contracts/interfaces/IAMB.sol","s":{},"b":{},"f":{},"fnMap":{},"statementMap":{},"branchMap":{}},"contracts/interfaces/IBlockReward.sol":{"l":{},"path":"/Users/kirillfedoseev/work/tokenbridge-contracts/contracts/contracts/interfaces/IBlockReward.sol","s":{},"b":{},"f":{},"fnMap":{},"statementMap":{},"branchMap":{}},"contracts/interfaces/IBridgeValidators.sol":{"l":{},"path":"/Users/kirillfedoseev/work/tokenbridge-contracts/contracts/contracts/interfaces/IBridgeValidators.sol","s":{},"b":{},"f":{},"fnMap":{},"statementMap":{},"branchMap":{}},"contracts/interfaces/IBurnableMintableERC677Token.sol":{"l":{},"path":"/Users/kirillfedoseev/work/tokenbridge-contracts/contracts/contracts/interfaces/IBurnableMintableERC677Token.sol","s":{},"b":{},"f":{},"fnMap":{},"statementMap":{},"branchMap":{}},"contracts/interfaces/IChai.sol":{"l":{},"path":"/Users/kirillfedoseev/work/tokenbridge-contracts/contracts/contracts/interfaces/IChai.sol","s":{},"b":{},"f":{},"fnMap":{},"statementMap":{},"branchMap":{}},"contracts/interfaces/IGasToken.sol":{"l":{},"path":"/Users/kirillfedoseev/work/tokenbridge-contracts/contracts/contracts/interfaces/IGasToken.sol","s":{},"b":{},"f":{},"fnMap":{},"statementMap":{},"branchMap":{}},"contracts/interfaces/IMediatorFeeManager.sol":{"l":{},"path":"/Users/kirillfedoseev/work/tokenbridge-contracts/contracts/contracts/interfaces/IMediatorFeeManager.sol","s":{},"b":{},"f":{},"fnMap":{},"statementMap":{},"branchMap":{}},"contracts/interfaces/IMintHandler.sol":{"l":{},"path":"/Users/kirillfedoseev/work/tokenbridge-contracts/contracts/contracts/interfaces/IMintHandler.sol","s":{},"b":{},"f":{},"fnMap":{},"statementMap":{},"branchMap":{}},"contracts/interfaces/IPot.sol":{"l":{},"path":"/Users/kirillfedoseev/work/tokenbridge-contracts/contracts/contracts/interfaces/IPot.sol","s":{},"b":{},"f":{},"fnMap":{},"statementMap":{},"branchMap":{}},"contracts/interfaces/IRewardableValidators.sol":{"l":{},"path":"/Users/kirillfedoseev/work/tokenbridge-contracts/contracts/contracts/interfaces/IRewardableValidators.sol","s":{},"b":{},"f":{},"fnMap":{},"statementMap":{},"branchMap":{}},"contracts/interfaces/IUpgradeabilityOwnerStorage.sol":{"l":{},"path":"/Users/kirillfedoseev/work/tokenbridge-contracts/contracts/contracts/interfaces/IUpgradeabilityOwnerStorage.sol","s":{},"b":{},"f":{},"fnMap":{},"statementMap":{},"branchMap":{}},"contracts/libraries/Address.sol":{"l":{"16":281,"17":2},"path":"/Users/kirillfedoseev/work/tokenbridge-contracts/contracts/contracts/libraries/Address.sol","s":{"1":281,"2":2},"b":{"1":[2,279]},"f":{"1":281},"fnMap":{"1":{"name":"safeSendValue","line":15,"loc":{"start":{"line":15,"column":4},"end":{"line":19,"column":4}}}},"statementMap":{"1":{"start":{"line":16,"column":8},"end":{"line":16,"column":517}},"2":{"start":{"line":17,"column":12},"end":{"line":17,"column":40}}},"branchMap":{"1":{"line":16,"type":"if","locations":[{"start":{"line":16,"column":8},"end":{"line":16,"column":8}},{"start":{"line":16,"column":8},"end":{"line":16,"column":8}}]}}},"contracts/libraries/ArbitraryMessage.sol":{"l":{"39":30,"40":30,"42":30,"103":30,"104":30},"path":"/Users/kirillfedoseev/work/tokenbridge-contracts/contracts/contracts/libraries/ArbitraryMessage.sol","s":{"1":30,"2":30,"3":30},"b":{},"f":{"1":30},"fnMap":{"1":{"name":"unpackData","line":24,"loc":{"start":{"line":24,"column":4},"end":{"line":111,"column":4}}}},"statementMap":{"1":{"start":{"line":39,"column":8},"end":{"line":39,"column":57}},"2":{"start":{"line":40,"column":8},"end":{"line":40,"column":24}},"3":{"start":{"line":103,"column":8},"end":{"line":103,"column":33}}},"branchMap":{}},"contracts/libraries/Bytes.sol":{"l":{"19":0,"31":63},"path":"/Users/kirillfedoseev/work/tokenbridge-contracts/contracts/contracts/libraries/Bytes.sol","s":{},"b":{},"f":{"1":0,"2":63},"fnMap":{"1":{"name":"bytesToBytes32","line":18,"loc":{"start":{"line":18,"column":4},"end":{"line":22,"column":4}}},"2":{"name":"bytesToAddress","line":30,"loc":{"start":{"line":30,"column":4},"end":{"line":34,"column":4}}}},"statementMap":{},"branchMap":{}},"contracts/libraries/Message.sol":{"l":{"26":337,"27":10213,"28":6,"31":331,"54":112,"55":112,"64":321,"68":324,"76":112,"77":112,"78":112,"79":112,"81":112,"86":112,"90":224,"91":224,"92":21,"94":203,"95":203,"118":119,"119":119,"120":119,"121":119,"124":119,"125":112,"126":112,"128":112,"129":339,"130":339,"131":339,"132":339,"133":339,"134":339,"140":339,"141":339,"142":337,"143":331,"148":21,"149":21,"150":21,"151":21,"152":61,"153":61,"155":21,"156":21,"157":21,"158":61,"159":61,"161":21},"path":"/Users/kirillfedoseev/work/tokenbridge-contracts/contracts/contracts/libraries/Message.sol","s":{"1":337,"2":10213,"3":6,"4":331,"5":112,"6":321,"7":324,"8":112,"9":112,"10":112,"11":112,"12":112,"13":224,"14":224,"15":21,"16":203,"17":203,"18":119,"19":119,"20":119,"21":119,"22":112,"23":112,"24":112,"25":339,"26":339,"27":339,"28":339,"29":339,"30":339,"31":339,"32":337,"33":331,"34":21,"35":0,"36":21,"37":21,"38":21,"39":61,"40":21,"41":21,"42":21,"43":61,"44":61,"45":21},"b":{"1":[6,10207],"2":[112,0],"3":[112,0],"4":[21,203],"5":[119,0],"6":[112,7],"7":[337,2],"8":[331,6],"9":[0,21]},"f":{"1":337,"2":112,"3":321,"4":324,"5":112,"6":224,"7":119,"8":21},"fnMap":{"1":{"name":"addressArrayContains","line":25,"loc":{"start":{"line":25,"column":4},"end":{"line":32,"column":4}}},"2":{"name":"parseMessage","line":49,"loc":{"start":{"line":49,"column":4},"end":{"line":61,"column":4}}},"3":{"name":"isMessageValid","line":63,"loc":{"start":{"line":63,"column":4},"end":{"line":65,"column":4}}},"4":{"name":"requiredMessageLength","line":67,"loc":{"start":{"line":67,"column":4},"end":{"line":69,"column":4}}},"5":{"name":"recoverAddressFromSignedMessage","line":71,"loc":{"start":{"line":71,"column":4},"end":{"line":87,"column":4}}},"6":{"name":"hashMessage","line":89,"loc":{"start":{"line":89,"column":4},"end":{"line":97,"column":4}}},"7":{"name":"hasEnoughValidSignatures","line":112,"loc":{"start":{"line":112,"column":4},"end":{"line":145,"column":4}}},"8":{"name":"uintToString","line":147,"loc":{"start":{"line":147,"column":4},"end":{"line":162,"column":4}}}},"statementMap":{"1":{"start":{"line":26,"column":8},"end":{"line":26,"column":939}},"2":{"start":{"line":27,"column":12},"end":{"line":27,"column":1000}},"3":{"start":{"line":28,"column":16},"end":{"line":28,"column":27}},"4":{"start":{"line":31,"column":8},"end":{"line":31,"column":20}},"5":{"start":{"line":54,"column":8},"end":{"line":54,"column":39}},"6":{"start":{"line":64,"column":8},"end":{"line":64,"column":53}},"7":{"start":{"line":68,"column":8},"end":{"line":68,"column":18}},"8":{"start":{"line":76,"column":8},"end":{"line":76,"column":38}},"9":{"start":{"line":77,"column":8},"end":{"line":77,"column":17}},"10":{"start":{"line":78,"column":8},"end":{"line":78,"column":17}},"11":{"start":{"line":79,"column":8},"end":{"line":79,"column":16}},"12":{"start":{"line":86,"column":8},"end":{"line":86,"column":76}},"13":{"start":{"line":90,"column":8},"end":{"line":90,"column":62}},"14":{"start":{"line":91,"column":8},"end":{"line":91,"column":3414}},"15":{"start":{"line":92,"column":12},"end":{"line":92,"column":93}},"16":{"start":{"line":94,"column":12},"end":{"line":94,"column":43}},"17":{"start":{"line":95,"column":12},"end":{"line":95,"column":74}},"18":{"start":{"line":118,"column":8},"end":{"line":118,"column":56}},"19":{"start":{"line":119,"column":8},"end":{"line":119,"column":76}},"20":{"start":{"line":120,"column":8},"end":{"line":120,"column":22}},"21":{"start":{"line":124,"column":8},"end":{"line":124,"column":44}},"22":{"start":{"line":125,"column":8},"end":{"line":125,"column":58}},"23":{"start":{"line":126,"column":8},"end":{"line":126,"column":81}},"24":{"start":{"line":128,"column":8},"end":{"line":128,"column":5120}},"25":{"start":{"line":129,"column":12},"end":{"line":129,"column":19}},"26":{"start":{"line":130,"column":12},"end":{"line":130,"column":21}},"27":{"start":{"line":131,"column":12},"end":{"line":131,"column":21}},"28":{"start":{"line":132,"column":12},"end":{"line":132,"column":47}},"29":{"start":{"line":133,"column":12},"end":{"line":133,"column":45}},"30":{"start":{"line":140,"column":12},"end":{"line":140,"column":63}},"31":{"start":{"line":141,"column":12},"end":{"line":141,"column":68}},"32":{"start":{"line":142,"column":12},"end":{"line":142,"column":81}},"33":{"start":{"line":143,"column":12},"end":{"line":143,"column":53}},"34":{"start":{"line":148,"column":8},"end":{"line":148,"column":30}},"35":{"start":{"line":148,"column":20},"end":{"line":148,"column":30}},"36":{"start":{"line":149,"column":8},"end":{"line":149,"column":21}},"37":{"start":{"line":150,"column":8},"end":{"line":150,"column":22}},"38":{"start":{"line":151,"column":8},"end":{"line":151,"column":5980}},"39":{"start":{"line":153,"column":12},"end":{"line":153,"column":18}},"40":{"start":{"line":155,"column":8},"end":{"line":155,"column":45}},"41":{"start":{"line":156,"column":8},"end":{"line":156,"column":30}},"42":{"start":{"line":157,"column":8},"end":{"line":157,"column":6137}},"43":{"start":{"line":158,"column":12},"end":{"line":158,"column":44}},"44":{"start":{"line":159,"column":12},"end":{"line":159,"column":18}},"45":{"start":{"line":161,"column":8},"end":{"line":161,"column":27}}},"branchMap":{"1":{"line":27,"type":"if","locations":[{"start":{"line":27,"column":12},"end":{"line":27,"column":12}},{"start":{"line":27,"column":12},"end":{"line":27,"column":12}}]},"2":{"line":54,"type":"if","locations":[{"start":{"line":54,"column":8},"end":{"line":54,"column":8}},{"start":{"line":54,"column":8},"end":{"line":54,"column":8}}]},"3":{"line":76,"type":"if","locations":[{"start":{"line":76,"column":8},"end":{"line":76,"column":8}},{"start":{"line":76,"column":8},"end":{"line":76,"column":8}}]},"4":{"line":91,"type":"if","locations":[{"start":{"line":91,"column":8},"end":{"line":91,"column":8}},{"start":{"line":91,"column":8},"end":{"line":91,"column":8}}]},"5":{"line":118,"type":"if","locations":[{"start":{"line":118,"column":8},"end":{"line":118,"column":8}},{"start":{"line":118,"column":8},"end":{"line":118,"column":8}}]},"6":{"line":124,"type":"if","locations":[{"start":{"line":124,"column":8},"end":{"line":124,"column":8}},{"start":{"line":124,"column":8},"end":{"line":124,"column":8}}]},"7":{"line":141,"type":"if","locations":[{"start":{"line":141,"column":12},"end":{"line":141,"column":12}},{"start":{"line":141,"column":12},"end":{"line":141,"column":12}}]},"8":{"line":142,"type":"if","locations":[{"start":{"line":142,"column":12},"end":{"line":142,"column":12}},{"start":{"line":142,"column":12},"end":{"line":142,"column":12}}]},"9":{"line":148,"type":"if","locations":[{"start":{"line":148,"column":8},"end":{"line":148,"column":8}},{"start":{"line":148,"column":8},"end":{"line":148,"column":8}}]}}},"contracts/libraries/SafeERC20.sol":{"l":{"21":22,"22":22,"39":26,"40":20},"path":"/Users/kirillfedoseev/work/tokenbridge-contracts/contracts/contracts/libraries/SafeERC20.sol","s":{"1":22,"2":26},"b":{},"f":{"1":22,"2":26},"fnMap":{"1":{"name":"safeTransfer","line":20,"loc":{"start":{"line":20,"column":4},"end":{"line":30,"column":4}}},"2":{"name":"safeTransferFrom","line":38,"loc":{"start":{"line":38,"column":4},"end":{"line":48,"column":4}}}},"statementMap":{"1":{"start":{"line":21,"column":8},"end":{"line":21,"column":48}},"2":{"start":{"line":39,"column":8},"end":{"line":39,"column":69}}},"branchMap":{}},"contracts/libraries/TokenReader.sol":{"l":{"16":83,"17":83,"18":83,"38":83,"39":83,"59":83,"70":83,"71":83,"72":83,"92":83,"93":83,"113":83,"123":83,"124":83,"136":83},"path":"/Users/kirillfedoseev/work/tokenbridge-contracts/contracts/contracts/libraries/TokenReader.sol","s":{"1":83,"2":83,"3":83,"4":83,"5":83,"6":83,"7":83,"8":83,"9":83,"10":83},"b":{},"f":{"1":83,"2":83,"3":83},"fnMap":{"1":{"name":"readName","line":15,"loc":{"start":{"line":15,"column":4},"end":{"line":60,"column":4}}},"2":{"name":"readSymbol","line":69,"loc":{"start":{"line":69,"column":4},"end":{"line":114,"column":4}}},"3":{"name":"readDecimals","line":122,"loc":{"start":{"line":122,"column":4},"end":{"line":137,"column":4}}}},"statementMap":{"1":{"start":{"line":16,"column":8},"end":{"line":16,"column":19}},"2":{"start":{"line":17,"column":8},"end":{"line":17,"column":20}},"3":{"start":{"line":38,"column":8},"end":{"line":38,"column":44}},"4":{"start":{"line":59,"column":8},"end":{"line":59,"column":18}},"5":{"start":{"line":70,"column":8},"end":{"line":70,"column":19}},"6":{"start":{"line":71,"column":8},"end":{"line":71,"column":20}},"7":{"start":{"line":92,"column":8},"end":{"line":92,"column":44}},"8":{"start":{"line":113,"column":8},"end":{"line":113,"column":18}},"9":{"start":{"line":123,"column":8},"end":{"line":123,"column":24}},"10":{"start":{"line":136,"column":8},"end":{"line":136,"column":23}}},"branchMap":{}},"contracts/mocks/AMBMock.sol":{"l":{"20":403,"26":259,"27":259,"28":259,"29":259,"30":259,"31":259,"32":259,"33":259,"34":259,"36":259,"37":259,"38":106,"39":106,"40":106,"45":252,"46":251,"49":251,"50":251,"51":251,"64":251,"65":251,"69":42},"path":"/Users/kirillfedoseev/work/tokenbridge-contracts/contracts/contracts/mocks/AMBMock.sol","s":{"1":403,"2":259,"3":259,"4":259,"5":259,"6":259,"7":259,"8":259,"9":259,"10":259,"11":259,"12":259,"13":106,"14":106,"15":106,"16":252,"17":251,"18":251,"19":251,"20":251,"21":251,"22":251,"23":42},"b":{"1":[106,153],"2":[251,1]},"f":{"1":403,"2":259,"3":252,"4":42},"fnMap":{"1":{"name":"setMaxGasPerTx","line":19,"loc":{"start":{"line":19,"column":4},"end":{"line":21,"column":4}}},"2":{"name":"executeMessageCall","line":23,"loc":{"start":{"line":23,"column":4},"end":{"line":42,"column":4}}},"3":{"name":"requireToPassMessage","line":44,"loc":{"start":{"line":44,"column":4},"end":{"line":66,"column":4}}},"4":{"name":"sourceChainId","line":68,"loc":{"start":{"line":68,"column":4},"end":{"line":70,"column":4}}}},"statementMap":{"1":{"start":{"line":20,"column":8},"end":{"line":20,"column":27}},"2":{"start":{"line":26,"column":8},"end":{"line":26,"column":30}},"3":{"start":{"line":27,"column":8},"end":{"line":27,"column":29}},"4":{"start":{"line":28,"column":8},"end":{"line":28,"column":35}},"5":{"start":{"line":29,"column":8},"end":{"line":29,"column":34}},"6":{"start":{"line":30,"column":8},"end":{"line":30,"column":53}},"7":{"start":{"line":31,"column":8},"end":{"line":31,"column":33}},"8":{"start":{"line":32,"column":8},"end":{"line":32,"column":29}},"9":{"start":{"line":33,"column":8},"end":{"line":33,"column":35}},"10":{"start":{"line":34,"column":8},"end":{"line":34,"column":31}},"11":{"start":{"line":36,"column":8},"end":{"line":36,"column":45}},"12":{"start":{"line":37,"column":8},"end":{"line":37,"column":1213}},"13":{"start":{"line":38,"column":12},"end":{"line":38,"column":63}},"14":{"start":{"line":39,"column":12},"end":{"line":39,"column":56}},"15":{"start":{"line":40,"column":12},"end":{"line":40,"column":52}},"16":{"start":{"line":45,"column":8},"end":{"line":45,"column":39}},"17":{"start":{"line":46,"column":8},"end":{"line":46,"column":1654}},"18":{"start":{"line":49,"column":8},"end":{"line":49,"column":83}},"19":{"start":{"line":50,"column":8},"end":{"line":50,"column":17}},"20":{"start":{"line":51,"column":8},"end":{"line":51,"column":1857}},"21":{"start":{"line":64,"column":8},"end":{"line":64,"column":47}},"22":{"start":{"line":65,"column":8},"end":{"line":65,"column":25}},"23":{"start":{"line":69,"column":8},"end":{"line":69,"column":19}}},"branchMap":{"1":{"line":37,"type":"if","locations":[{"start":{"line":37,"column":8},"end":{"line":37,"column":8}},{"start":{"line":37,"column":8},"end":{"line":37,"column":8}}]},"2":{"line":45,"type":"if","locations":[{"start":{"line":45,"column":8},"end":{"line":45,"column":8}},{"start":{"line":45,"column":8},"end":{"line":45,"column":8}}]}}},"contracts/mocks/BlockRewardMock.sol":{"l":{"26":192,"27":192,"28":192,"29":192,"30":192,"34":0,"38":54,"42":218,"43":218,"47":45,"51":37,"55":8,"56":8,"58":8,"59":8,"60":8,"61":2,"64":8,"65":118,"66":118,"67":2,"69":118,"74":9,"75":9,"76":9,"77":9,"79":9,"80":9,"81":9,"82":2,"85":9,"86":120,"87":120,"88":2,"90":120,"93":9,"94":9,"95":9,"99":4,"103":52},"path":"/Users/kirillfedoseev/work/tokenbridge-contracts/contracts/contracts/mocks/BlockRewardMock.sol","s":{"1":192,"2":192,"3":192,"4":192,"5":192,"6":0,"7":54,"8":218,"9":218,"10":45,"11":37,"12":8,"13":8,"14":8,"15":8,"16":8,"17":2,"18":8,"19":118,"20":118,"21":2,"22":118,"23":9,"24":9,"25":9,"26":9,"27":9,"28":9,"29":9,"30":2,"31":9,"32":120,"33":120,"34":2,"35":120,"36":9,"37":9,"38":9,"39":4,"40":52},"b":{"1":[192,0],"2":[192,0],"3":[2,6],"4":[2,116],"5":[9,0],"6":[2,7],"7":[2,118],"8":[9,0]},"f":{"1":25,"2":192,"3":0,"4":54,"5":218,"6":45,"7":37,"8":8,"9":9,"10":4,"11":52},"fnMap":{"1":{"name":"","line":21,"loc":{"start":{"line":21,"column":4},"end":{"line":23,"column":4}}},"2":{"name":"addExtraReceiver","line":25,"loc":{"start":{"line":25,"column":4},"end":{"line":31,"column":4}}},"3":{"name":"mintedTotally","line":33,"loc":{"start":{"line":33,"column":4},"end":{"line":35,"column":4}}},"4":{"name":"mintedTotallyByBridge","line":37,"loc":{"start":{"line":37,"column":4},"end":{"line":39,"column":4}}},"5":{"name":"addMintedTotallyByBridge","line":41,"loc":{"start":{"line":41,"column":4},"end":{"line":44,"column":4}}},"6":{"name":"setValidatorsRewards","line":46,"loc":{"start":{"line":46,"column":4},"end":{"line":48,"column":4}}},"7":{"name":"setToken","line":50,"loc":{"start":{"line":50,"column":4},"end":{"line":52,"column":4}}},"8":{"name":"addBridgeNativeRewardReceivers","line":54,"loc":{"start":{"line":54,"column":4},"end":{"line":71,"column":4}}},"9":{"name":"addBridgeTokenRewardReceivers","line":73,"loc":{"start":{"line":73,"column":4},"end":{"line":96,"column":4}}},"10":{"name":"random","line":98,"loc":{"start":{"line":98,"column":4},"end":{"line":100,"column":4}}},"11":{"name":"blockRewardContractId","line":102,"loc":{"start":{"line":102,"column":4},"end":{"line":104,"column":4}}}},"statementMap":{"1":{"start":{"line":26,"column":8},"end":{"line":26,"column":27}},"2":{"start":{"line":27,"column":8},"end":{"line":27,"column":39}},"3":{"start":{"line":28,"column":8},"end":{"line":28,"column":45}},"4":{"start":{"line":29,"column":8},"end":{"line":29,"column":57}},"5":{"start":{"line":30,"column":8},"end":{"line":30,"column":34}},"6":{"start":{"line":34,"column":8},"end":{"line":34,"column":26}},"7":{"start":{"line":38,"column":8},"end":{"line":38,"column":84}},"8":{"start":{"line":42,"column":8},"end":{"line":42,"column":79}},"9":{"start":{"line":43,"column":8},"end":{"line":43,"column":57}},"10":{"start":{"line":47,"column":8},"end":{"line":47,"column":41}},"11":{"start":{"line":51,"column":8},"end":{"line":51,"column":21}},"12":{"start":{"line":55,"column":8},"end":{"line":55,"column":26}},"13":{"start":{"line":56,"column":8},"end":{"line":56,"column":67}},"14":{"start":{"line":58,"column":8},"end":{"line":58,"column":36}},"15":{"start":{"line":59,"column":8},"end":{"line":59,"column":77}},"16":{"start":{"line":60,"column":8},"end":{"line":60,"column":2133}},"17":{"start":{"line":61,"column":12},"end":{"line":61,"column":62}},"18":{"start":{"line":64,"column":8},"end":{"line":64,"column":2233}},"19":{"start":{"line":65,"column":12},"end":{"line":65,"column":53}},"20":{"start":{"line":66,"column":12},"end":{"line":66,"column":2357}},"21":{"start":{"line":67,"column":16},"end":{"line":67,"column":58}},"22":{"start":{"line":69,"column":12},"end":{"line":69,"column":67}},"23":{"start":{"line":74,"column":8},"end":{"line":74,"column":28}},"24":{"start":{"line":75,"column":8},"end":{"line":75,"column":64}},"25":{"start":{"line":76,"column":8},"end":{"line":76,"column":26}},"26":{"start":{"line":77,"column":8},"end":{"line":77,"column":67}},"27":{"start":{"line":79,"column":8},"end":{"line":79,"column":36}},"28":{"start":{"line":80,"column":8},"end":{"line":80,"column":77}},"29":{"start":{"line":81,"column":8},"end":{"line":81,"column":2953}},"30":{"start":{"line":82,"column":12},"end":{"line":82,"column":62}},"31":{"start":{"line":85,"column":8},"end":{"line":85,"column":3053}},"32":{"start":{"line":86,"column":12},"end":{"line":86,"column":53}},"33":{"start":{"line":87,"column":12},"end":{"line":87,"column":3177}},"34":{"start":{"line":88,"column":16},"end":{"line":88,"column":58}},"35":{"start":{"line":90,"column":12},"end":{"line":90,"column":51}},"36":{"start":{"line":93,"column":8},"end":{"line":93,"column":57}},"37":{"start":{"line":94,"column":8},"end":{"line":94,"column":75}},"38":{"start":{"line":95,"column":8},"end":{"line":95,"column":72}},"39":{"start":{"line":99,"column":8},"end":{"line":99,"column":63}},"40":{"start":{"line":103,"column":8},"end":{"line":103,"column":47}}},"branchMap":{"1":{"line":26,"type":"if","locations":[{"start":{"line":26,"column":8},"end":{"line":26,"column":8}},{"start":{"line":26,"column":8},"end":{"line":26,"column":8}}]},"2":{"line":27,"type":"if","locations":[{"start":{"line":27,"column":8},"end":{"line":27,"column":8}},{"start":{"line":27,"column":8},"end":{"line":27,"column":8}}]},"3":{"line":60,"type":"if","locations":[{"start":{"line":60,"column":8},"end":{"line":60,"column":8}},{"start":{"line":60,"column":8},"end":{"line":60,"column":8}}]},"4":{"line":66,"type":"if","locations":[{"start":{"line":66,"column":12},"end":{"line":66,"column":12}},{"start":{"line":66,"column":12},"end":{"line":66,"column":12}}]},"5":{"line":74,"type":"if","locations":[{"start":{"line":74,"column":8},"end":{"line":74,"column":8}},{"start":{"line":74,"column":8},"end":{"line":74,"column":8}}]},"6":{"line":81,"type":"if","locations":[{"start":{"line":81,"column":8},"end":{"line":81,"column":8}},{"start":{"line":81,"column":8},"end":{"line":81,"column":8}}]},"7":{"line":87,"type":"if","locations":[{"start":{"line":87,"column":12},"end":{"line":87,"column":12}},{"start":{"line":87,"column":12},"end":{"line":87,"column":12}}]},"8":{"line":95,"type":"if","locations":[{"start":{"line":95,"column":8},"end":{"line":95,"column":8}},{"start":{"line":95,"column":8},"end":{"line":95,"column":8}}]}}},"contracts/mocks/BlockRewardWithoutSystem.sol":{"l":{"9":15,"13":24,"17":34,"22":15},"path":"/Users/kirillfedoseev/work/tokenbridge-contracts/contracts/contracts/mocks/BlockRewardWithoutSystem.sol","s":{"1":34,"2":15},"b":{},"f":{"1":15,"2":24,"3":34,"4":15},"fnMap":{"1":{"name":"onlySystem","line":8,"loc":{"start":{"line":8,"column":4},"end":{"line":10,"column":4}}},"2":{"name":"onlyBridgeContract","line":12,"loc":{"start":{"line":12,"column":4},"end":{"line":14,"column":4}}},"3":{"name":"setBridgeContractAddress","line":16,"loc":{"start":{"line":16,"column":4},"end":{"line":18,"column":4}}},"4":{"name":"bridgesAllowed","line":20,"loc":{"start":{"line":20,"column":4},"end":{"line":23,"column":4}}}},"statementMap":{"1":{"start":{"line":17,"column":8},"end":{"line":17,"column":36}},"2":{"start":{"line":22,"column":8},"end":{"line":22,"column":47}}},"branchMap":{}},"contracts/mocks/Box.sol":{"l":{"13":6,"14":6,"15":6,"16":6,"17":6,"21":2,"25":2,"26":2,"27":8,"32":0,"33":0,"34":0,"38":0,"39":0,"40":0,"44":0,"45":0,"46":0},"path":"/Users/kirillfedoseev/work/tokenbridge-contracts/contracts/contracts/mocks/Box.sol","s":{"1":6,"2":6,"3":6,"4":6,"5":6,"6":2,"7":2,"8":2,"9":6,"10":0,"11":0,"12":0,"13":0,"14":0,"15":0,"16":0,"17":0,"18":0},"b":{},"f":{"1":6,"2":2,"3":2,"4":0,"5":0,"6":0},"fnMap":{"1":{"name":"setValue","line":12,"loc":{"start":{"line":12,"column":4},"end":{"line":18,"column":4}}},"2":{"name":"methodWillFail","line":20,"loc":{"start":{"line":20,"column":4},"end":{"line":22,"column":4}}},"3":{"name":"methodOutOfGas","line":24,"loc":{"start":{"line":24,"column":4},"end":{"line":29,"column":4}}},"4":{"name":"methodWillFailOnOtherNetwork","line":31,"loc":{"start":{"line":31,"column":4},"end":{"line":35,"column":4}}},"5":{"name":"methodOutOfGasOnOtherNetwork","line":37,"loc":{"start":{"line":37,"column":4},"end":{"line":41,"column":4}}},"6":{"name":"setValueOnOtherNetwork","line":43,"loc":{"start":{"line":43,"column":4},"end":{"line":47,"column":4}}}},"statementMap":{"1":{"start":{"line":13,"column":8},"end":{"line":13,"column":21}},"2":{"start":{"line":14,"column":8},"end":{"line":14,"column":52}},"3":{"start":{"line":15,"column":8},"end":{"line":15,"column":47}},"4":{"start":{"line":16,"column":8},"end":{"line":16,"column":50}},"5":{"start":{"line":17,"column":8},"end":{"line":17,"column":78}},"6":{"start":{"line":21,"column":8},"end":{"line":21,"column":15}},"7":{"start":{"line":25,"column":8},"end":{"line":25,"column":21}},"8":{"start":{"line":26,"column":8},"end":{"line":26,"column":690}},"9":{"start":{"line":27,"column":12},"end":{"line":27,"column":20}},"10":{"start":{"line":32,"column":8},"end":{"line":32,"column":60}},"11":{"start":{"line":33,"column":8},"end":{"line":33,"column":73}},"12":{"start":{"line":34,"column":8},"end":{"line":34,"column":73}},"13":{"start":{"line":38,"column":8},"end":{"line":38,"column":60}},"14":{"start":{"line":39,"column":8},"end":{"line":39,"column":73}},"15":{"start":{"line":40,"column":8},"end":{"line":40,"column":71}},"16":{"start":{"line":44,"column":8},"end":{"line":44,"column":54}},"17":{"start":{"line":45,"column":8},"end":{"line":45,"column":77}},"18":{"start":{"line":46,"column":8},"end":{"line":46,"column":73}}},"branchMap":{}},"contracts/mocks/BridgeValidatorsDeterministic.sol":{"l":{"7":0,"8":0,"11":0},"path":"/Users/kirillfedoseev/work/tokenbridge-contracts/contracts/contracts/mocks/BridgeValidatorsDeterministic.sol","s":{"1":0,"2":0,"3":0},"b":{"1":[0,0]},"f":{"1":0},"fnMap":{"1":{"name":"isValidatorDuty","line":6,"loc":{"start":{"line":6,"column":4},"end":{"line":12,"column":4}}}},"statementMap":{"1":{"start":{"line":7,"column":8},"end":{"line":7,"column":47}},"2":{"start":{"line":8,"column":8},"end":{"line":8,"column":34}},"3":{"start":{"line":11,"column":8},"end":{"line":11,"column":33}}},"branchMap":{"1":{"line":8,"type":"if","locations":[{"start":{"line":8,"column":8},"end":{"line":8,"column":8}},{"start":{"line":8,"column":8},"end":{"line":8,"column":8}}]}}},"contracts/mocks/ChaiMock.sol":{"l":{"66":124,"69":134,"72":206,"76":134,"80":35,"84":37,"93":64,"94":64,"95":64,"96":64,"98":64,"99":64,"101":64,"106":17,"110":0,"112":0,"115":17,"116":17,"117":0,"118":0,"120":17,"121":17,"122":17,"123":17,"126":0,"127":0,"128":0,"142":0,"149":0,"150":0,"151":0,"152":0,"154":0,"155":0,"156":0,"160":94,"161":94,"165":35,"166":35,"167":35,"168":35,"170":35,"171":35,"172":35,"173":35,"178":40,"179":40,"180":0,"181":0,"183":40,"184":40,"186":40,"187":40,"188":40,"189":40,"194":37,"196":37},"path":"/Users/kirillfedoseev/work/tokenbridge-contracts/contracts/contracts/mocks/ChaiMock.sol","s":{"1":124,"2":134,"3":206,"4":134,"5":35,"6":37,"7":64,"8":64,"9":64,"10":64,"11":64,"12":64,"13":64,"14":17,"15":0,"16":0,"17":17,"18":17,"19":0,"20":0,"21":17,"22":17,"23":17,"24":17,"25":0,"26":0,"27":0,"28":0,"29":0,"30":0,"31":0,"32":0,"33":0,"34":0,"35":0,"36":94,"37":94,"38":35,"39":35,"40":35,"41":35,"42":35,"43":35,"44":35,"45":35,"46":40,"47":40,"48":0,"49":0,"50":40,"51":40,"52":40,"53":40,"54":40,"55":40,"56":37,"57":37},"b":{"1":[124,0],"2":[134,0],"3":[206,0],"4":[17,0],"5":[0,17],"6":[0,0],"7":[0,0],"8":[0,0],"9":[0,0],"10":[0,0],"11":[40,0],"12":[0,40],"13":[0,0]},"f":{"1":124,"2":134,"3":206,"4":134,"5":35,"6":37,"7":64,"8":17,"9":0,"10":17,"11":0,"12":0,"13":94,"14":35,"15":40,"16":37},"fnMap":{"1":{"name":"add","line":65,"loc":{"start":{"line":65,"column":4},"end":{"line":67,"column":4}}},"2":{"name":"sub","line":68,"loc":{"start":{"line":68,"column":4},"end":{"line":70,"column":4}}},"3":{"name":"mul","line":71,"loc":{"start":{"line":71,"column":4},"end":{"line":73,"column":4}}},"4":{"name":"rmul","line":74,"loc":{"start":{"line":74,"column":4},"end":{"line":77,"column":4}}},"5":{"name":"rdiv","line":78,"loc":{"start":{"line":78,"column":4},"end":{"line":81,"column":4}}},"6":{"name":"rdivup","line":82,"loc":{"start":{"line":82,"column":4},"end":{"line":85,"column":4}}},"7":{"name":"constructor","line":92,"loc":{"start":{"line":92,"column":4},"end":{"line":102,"column":4}}},"8":{"name":"transfer","line":105,"loc":{"start":{"line":105,"column":4},"end":{"line":107,"column":4}}},"9":{"name":"move","line":109,"loc":{"start":{"line":109,"column":4},"end":{"line":113,"column":4}}},"10":{"name":"transferFrom","line":114,"loc":{"start":{"line":114,"column":4},"end":{"line":124,"column":4}}},"11":{"name":"approve","line":125,"loc":{"start":{"line":125,"column":4},"end":{"line":129,"column":4}}},"12":{"name":"permit","line":132,"loc":{"start":{"line":132,"column":4},"end":{"line":157,"column":4}}},"13":{"name":"dai","line":159,"loc":{"start":{"line":159,"column":4},"end":{"line":162,"column":4}}},"14":{"name":"join","line":164,"loc":{"start":{"line":164,"column":4},"end":{"line":174,"column":4}}},"15":{"name":"exit","line":177,"loc":{"start":{"line":177,"column":4},"end":{"line":190,"column":4}}},"16":{"name":"draw","line":193,"loc":{"start":{"line":193,"column":4},"end":{"line":197,"column":4}}}},"statementMap":{"1":{"start":{"line":66,"column":8},"end":{"line":66,"column":32}},"2":{"start":{"line":69,"column":8},"end":{"line":69,"column":32}},"3":{"start":{"line":72,"column":8},"end":{"line":72,"column":46}},"4":{"start":{"line":76,"column":8},"end":{"line":76,"column":26}},"5":{"start":{"line":80,"column":8},"end":{"line":80,"column":26}},"6":{"start":{"line":84,"column":8},"end":{"line":84,"column":42}},"7":{"start":{"line":93,"column":8},"end":{"line":93,"column":26}},"8":{"start":{"line":94,"column":8},"end":{"line":94,"column":26}},"9":{"start":{"line":95,"column":8},"end":{"line":95,"column":35}},"10":{"start":{"line":96,"column":8},"end":{"line":96,"column":31}},"11":{"start":{"line":98,"column":8},"end":{"line":98,"column":33}},"12":{"start":{"line":99,"column":8},"end":{"line":99,"column":29}},"13":{"start":{"line":101,"column":8},"end":{"line":101,"column":54}},"14":{"start":{"line":106,"column":8},"end":{"line":106,"column":49}},"15":{"start":{"line":110,"column":8},"end":{"line":110,"column":64}},"16":{"start":{"line":112,"column":8},"end":{"line":112,"column":55}},"17":{"start":{"line":115,"column":8},"end":{"line":115,"column":66}},"18":{"start":{"line":116,"column":8},"end":{"line":116,"column":4523}},"19":{"start":{"line":117,"column":12},"end":{"line":117,"column":84}},"20":{"start":{"line":118,"column":12},"end":{"line":118,"column":76}},"21":{"start":{"line":120,"column":8},"end":{"line":120,"column":48}},"22":{"start":{"line":121,"column":8},"end":{"line":121,"column":48}},"23":{"start":{"line":122,"column":8},"end":{"line":122,"column":36}},"24":{"start":{"line":123,"column":8},"end":{"line":123,"column":19}},"25":{"start":{"line":126,"column":8},"end":{"line":126,"column":39}},"26":{"start":{"line":127,"column":8},"end":{"line":127,"column":43}},"27":{"start":{"line":128,"column":8},"end":{"line":128,"column":19}},"28":{"start":{"line":142,"column":8},"end":{"line":142,"column":5379}},"29":{"start":{"line":149,"column":8},"end":{"line":149,"column":59}},"30":{"start":{"line":150,"column":8},"end":{"line":150,"column":75}},"31":{"start":{"line":151,"column":8},"end":{"line":151,"column":67}},"32":{"start":{"line":152,"column":8},"end":{"line":152,"column":63}},"33":{"start":{"line":154,"column":8},"end":{"line":154,"column":47}},"34":{"start":{"line":155,"column":8},"end":{"line":155,"column":39}},"35":{"start":{"line":156,"column":8},"end":{"line":156,"column":43}},"36":{"start":{"line":160,"column":8},"end":{"line":160,"column":64}},"37":{"start":{"line":161,"column":8},"end":{"line":161,"column":38}},"38":{"start":{"line":165,"column":8},"end":{"line":165,"column":64}},"39":{"start":{"line":166,"column":8},"end":{"line":166,"column":36}},"40":{"start":{"line":167,"column":8},"end":{"line":167,"column":48}},"41":{"start":{"line":168,"column":8},"end":{"line":168,"column":42}},"42":{"start":{"line":170,"column":8},"end":{"line":170,"column":60}},"43":{"start":{"line":171,"column":8},"end":{"line":171,"column":39}},"44":{"start":{"line":172,"column":8},"end":{"line":172,"column":20}},"45":{"start":{"line":173,"column":8},"end":{"line":173,"column":43}},"46":{"start":{"line":178,"column":8},"end":{"line":178,"column":66}},"47":{"start":{"line":179,"column":8},"end":{"line":179,"column":6857}},"48":{"start":{"line":180,"column":12},"end":{"line":180,"column":84}},"49":{"start":{"line":181,"column":12},"end":{"line":181,"column":76}},"50":{"start":{"line":183,"column":8},"end":{"line":183,"column":48}},"51":{"start":{"line":184,"column":8},"end":{"line":184,"column":42}},"52":{"start":{"line":186,"column":8},"end":{"line":186,"column":64}},"53":{"start":{"line":187,"column":8},"end":{"line":187,"column":20}},"54":{"start":{"line":188,"column":8},"end":{"line":188,"column":47}},"55":{"start":{"line":189,"column":8},"end":{"line":189,"column":43}},"56":{"start":{"line":194,"column":8},"end":{"line":194,"column":64}},"57":{"start":{"line":196,"column":8},"end":{"line":196,"column":34}}},"branchMap":{"1":{"line":66,"type":"if","locations":[{"start":{"line":66,"column":8},"end":{"line":66,"column":8}},{"start":{"line":66,"column":8},"end":{"line":66,"column":8}}]},"2":{"line":69,"type":"if","locations":[{"start":{"line":69,"column":8},"end":{"line":69,"column":8}},{"start":{"line":69,"column":8},"end":{"line":69,"column":8}}]},"3":{"line":72,"type":"if","locations":[{"start":{"line":72,"column":8},"end":{"line":72,"column":8}},{"start":{"line":72,"column":8},"end":{"line":72,"column":8}}]},"4":{"line":115,"type":"if","locations":[{"start":{"line":115,"column":8},"end":{"line":115,"column":8}},{"start":{"line":115,"column":8},"end":{"line":115,"column":8}}]},"5":{"line":116,"type":"if","locations":[{"start":{"line":116,"column":8},"end":{"line":116,"column":8}},{"start":{"line":116,"column":8},"end":{"line":116,"column":8}}]},"6":{"line":117,"type":"if","locations":[{"start":{"line":117,"column":12},"end":{"line":117,"column":12}},{"start":{"line":117,"column":12},"end":{"line":117,"column":12}}]},"7":{"line":149,"type":"if","locations":[{"start":{"line":149,"column":8},"end":{"line":149,"column":8}},{"start":{"line":149,"column":8},"end":{"line":149,"column":8}}]},"8":{"line":150,"type":"if","locations":[{"start":{"line":150,"column":8},"end":{"line":150,"column":8}},{"start":{"line":150,"column":8},"end":{"line":150,"column":8}}]},"9":{"line":151,"type":"if","locations":[{"start":{"line":151,"column":8},"end":{"line":151,"column":8}},{"start":{"line":151,"column":8},"end":{"line":151,"column":8}}]},"10":{"line":152,"type":"if","locations":[{"start":{"line":152,"column":8},"end":{"line":152,"column":8}},{"start":{"line":152,"column":8},"end":{"line":152,"column":8}}]},"11":{"line":178,"type":"if","locations":[{"start":{"line":178,"column":8},"end":{"line":178,"column":8}},{"start":{"line":178,"column":8},"end":{"line":178,"column":8}}]},"12":{"line":179,"type":"if","locations":[{"start":{"line":179,"column":8},"end":{"line":179,"column":8}},{"start":{"line":179,"column":8},"end":{"line":179,"column":8}}]},"13":{"line":180,"type":"if","locations":[{"start":{"line":180,"column":12},"end":{"line":180,"column":12}},{"start":{"line":180,"column":12},"end":{"line":180,"column":12}}]}}},"contracts/mocks/ChaiMock2.sol":{"l":{"22":0,"23":0,"27":0,"28":0,"29":0,"33":0,"34":0,"35":0,"39":0,"40":0,"41":0,"45":0,"49":0},"path":"/Users/kirillfedoseev/work/tokenbridge-contracts/contracts/contracts/mocks/ChaiMock2.sol","s":{"1":0,"2":0,"3":0,"4":0,"5":0,"6":0,"7":0,"8":0,"9":0,"10":0,"11":0,"12":0,"13":0},"b":{"1":[0,0],"2":[0,0],"3":[0,0]},"f":{"1":0,"2":0,"3":0,"4":0,"5":0,"6":0},"fnMap":{"1":{"name":"join","line":21,"loc":{"start":{"line":21,"column":4},"end":{"line":24,"column":4}}},"2":{"name":"transfer","line":26,"loc":{"start":{"line":26,"column":4},"end":{"line":30,"column":4}}},"3":{"name":"exit","line":32,"loc":{"start":{"line":32,"column":4},"end":{"line":36,"column":4}}},"4":{"name":"draw","line":38,"loc":{"start":{"line":38,"column":4},"end":{"line":42,"column":4}}},"5":{"name":"dai","line":44,"loc":{"start":{"line":44,"column":4},"end":{"line":46,"column":4}}},"6":{"name":"balanceOf","line":48,"loc":{"start":{"line":48,"column":4},"end":{"line":50,"column":4}}}},"statementMap":{"1":{"start":{"line":22,"column":8},"end":{"line":22,"column":60}},"2":{"start":{"line":23,"column":8},"end":{"line":23,"column":24}},"3":{"start":{"line":27,"column":8},"end":{"line":27,"column":33}},"4":{"start":{"line":28,"column":8},"end":{"line":28,"column":24}},"5":{"start":{"line":29,"column":8},"end":{"line":29,"column":42}},"6":{"start":{"line":33,"column":8},"end":{"line":33,"column":33}},"7":{"start":{"line":34,"column":8},"end":{"line":34,"column":24}},"8":{"start":{"line":35,"column":8},"end":{"line":35,"column":37}},"9":{"start":{"line":39,"column":8},"end":{"line":39,"column":33}},"10":{"start":{"line":40,"column":8},"end":{"line":40,"column":24}},"11":{"start":{"line":41,"column":8},"end":{"line":41,"column":37}},"12":{"start":{"line":45,"column":8},"end":{"line":45,"column":25}},"13":{"start":{"line":49,"column":8},"end":{"line":49,"column":25}}},"branchMap":{"1":{"line":27,"type":"if","locations":[{"start":{"line":27,"column":8},"end":{"line":27,"column":8}},{"start":{"line":27,"column":8},"end":{"line":27,"column":8}}]},"2":{"line":33,"type":"if","locations":[{"start":{"line":33,"column":8},"end":{"line":33,"column":8}},{"start":{"line":33,"column":8},"end":{"line":33,"column":8}}]},"3":{"line":39,"type":"if","locations":[{"start":{"line":39,"column":8},"end":{"line":39,"column":8}},{"start":{"line":39,"column":8},"end":{"line":39,"column":8}}]}}},"contracts/mocks/DaiAdapterMock.sol":{"l":{"7":0},"path":"/Users/kirillfedoseev/work/tokenbridge-contracts/contracts/contracts/mocks/DaiAdapterMock.sol","s":{"1":0},"b":{},"f":{"1":0},"fnMap":{"1":{"name":"constructor","line":6,"loc":{"start":{"line":6,"column":4},"end":{"line":8,"column":4}}}},"statementMap":{"1":{"start":{"line":7,"column":8},"end":{"line":7,"column":17}}},"branchMap":{}},"contracts/mocks/DaiJoinMock.sol":{"l":{"37":0,"40":0,"43":0,"44":0,"52":64,"53":64,"54":64,"55":64,"56":64,"59":0,"63":139,"66":35,"67":35,"70":40,"71":40,"72":40},"path":"/Users/kirillfedoseev/work/tokenbridge-contracts/contracts/contracts/mocks/DaiJoinMock.sol","s":{"1":0,"2":0,"3":0,"4":64,"5":64,"6":64,"7":64,"8":64,"9":0,"10":139,"11":35,"12":35,"13":40,"14":40,"15":40},"b":{"1":[0,0],"2":[139,0],"3":[40,0]},"f":{"1":0,"2":0,"3":0,"4":64,"5":0,"6":139,"7":35,"8":40},"fnMap":{"1":{"name":"rely","line":36,"loc":{"start":{"line":36,"column":4},"end":{"line":38,"column":4}}},"2":{"name":"deny","line":39,"loc":{"start":{"line":39,"column":4},"end":{"line":41,"column":4}}},"3":{"name":"auth","line":42,"loc":{"start":{"line":42,"column":4},"end":{"line":45,"column":4}}},"4":{"name":"constructor","line":51,"loc":{"start":{"line":51,"column":4},"end":{"line":57,"column":4}}},"5":{"name":"cage","line":58,"loc":{"start":{"line":58,"column":4},"end":{"line":60,"column":4}}},"6":{"name":"mul","line":62,"loc":{"start":{"line":62,"column":4},"end":{"line":64,"column":4}}},"7":{"name":"join","line":65,"loc":{"start":{"line":65,"column":4},"end":{"line":68,"column":4}}},"8":{"name":"exit","line":69,"loc":{"start":{"line":69,"column":4},"end":{"line":73,"column":4}}}},"statementMap":{"1":{"start":{"line":37,"column":8},"end":{"line":37,"column":21}},"2":{"start":{"line":40,"column":8},"end":{"line":40,"column":21}},"3":{"start":{"line":43,"column":8},"end":{"line":43,"column":64}},"4":{"start":{"line":52,"column":8},"end":{"line":52,"column":28}},"5":{"start":{"line":53,"column":8},"end":{"line":53,"column":15}},"6":{"start":{"line":54,"column":8},"end":{"line":54,"column":26}},"7":{"start":{"line":55,"column":8},"end":{"line":55,"column":30}},"8":{"start":{"line":56,"column":8},"end":{"line":56,"column":47}},"9":{"start":{"line":59,"column":8},"end":{"line":59,"column":15}},"10":{"start":{"line":63,"column":8},"end":{"line":63,"column":46}},"11":{"start":{"line":66,"column":8},"end":{"line":66,"column":50}},"12":{"start":{"line":67,"column":8},"end":{"line":67,"column":32}},"13":{"start":{"line":70,"column":8},"end":{"line":70,"column":45}},"14":{"start":{"line":71,"column":8},"end":{"line":71,"column":57}},"15":{"start":{"line":72,"column":8},"end":{"line":72,"column":25}}},"branchMap":{"1":{"line":43,"type":"if","locations":[{"start":{"line":43,"column":8},"end":{"line":43,"column":8}},{"start":{"line":43,"column":8},"end":{"line":43,"column":8}}]},"2":{"line":63,"type":"if","locations":[{"start":{"line":63,"column":8},"end":{"line":63,"column":8}},{"start":{"line":63,"column":8},"end":{"line":63,"column":8}}]},"3":{"line":70,"type":"if","locations":[{"start":{"line":70,"column":8},"end":{"line":70,"column":8}},{"start":{"line":70,"column":8},"end":{"line":70,"column":8}}]}}},"contracts/mocks/DaiMock.sol":{"l":{"23":64,"26":0,"29":148,"30":148,"49":240,"52":181,"61":64,"66":33,"69":74,"70":74,"71":41,"72":39,"74":72,"75":72,"76":72,"77":72,"80":84,"81":84,"82":84,"85":35,"86":35,"87":0,"88":0,"90":35,"91":35,"92":35,"95":109,"96":109,"97":109,"102":0,"105":0,"108":0,"122":0,"130":0,"131":0,"132":0,"133":0,"134":0,"135":0,"136":0},"path":"/Users/kirillfedoseev/work/tokenbridge-contracts/contracts/contracts/mocks/DaiMock.sol","s":{"1":64,"2":0,"3":148,"4":240,"5":181,"6":64,"7":33,"8":74,"9":74,"10":41,"11":39,"12":72,"13":72,"14":72,"15":72,"16":84,"17":84,"18":84,"19":35,"20":35,"21":0,"22":0,"23":35,"24":35,"25":35,"26":109,"27":109,"28":109,"29":0,"30":0,"31":0,"32":0,"33":0,"34":0,"35":0,"36":0,"37":0,"38":0,"39":0},"b":{"1":[148,0],"2":[240,0],"3":[181,0],"4":[74,0],"5":[41,33],"6":[39,2],"7":[35,0],"8":[0,35],"9":[0,0],"10":[0,0],"11":[0,0],"12":[0,0],"13":[0,0]},"f":{"1":64,"2":0,"3":148,"4":240,"5":181,"6":64,"7":33,"8":74,"9":84,"10":35,"11":109,"12":0,"13":0,"14":0,"15":0},"fnMap":{"1":{"name":"rely","line":22,"loc":{"start":{"line":22,"column":4},"end":{"line":24,"column":4}}},"2":{"name":"deny","line":25,"loc":{"start":{"line":25,"column":4},"end":{"line":27,"column":4}}},"3":{"name":"auth","line":28,"loc":{"start":{"line":28,"column":4},"end":{"line":31,"column":4}}},"4":{"name":"add","line":48,"loc":{"start":{"line":48,"column":4},"end":{"line":50,"column":4}}},"5":{"name":"sub","line":51,"loc":{"start":{"line":51,"column":4},"end":{"line":53,"column":4}}},"6":{"name":"constructor","line":60,"loc":{"start":{"line":60,"column":4},"end":{"line":62,"column":4}}},"7":{"name":"transfer","line":65,"loc":{"start":{"line":65,"column":4},"end":{"line":67,"column":4}}},"8":{"name":"transferFrom","line":68,"loc":{"start":{"line":68,"column":4},"end":{"line":78,"column":4}}},"9":{"name":"mint","line":79,"loc":{"start":{"line":79,"column":4},"end":{"line":83,"column":4}}},"10":{"name":"burn","line":84,"loc":{"start":{"line":84,"column":4},"end":{"line":93,"column":4}}},"11":{"name":"approve","line":94,"loc":{"start":{"line":94,"column":4},"end":{"line":98,"column":4}}},"12":{"name":"push","line":101,"loc":{"start":{"line":101,"column":4},"end":{"line":103,"column":4}}},"13":{"name":"pull","line":104,"loc":{"start":{"line":104,"column":4},"end":{"line":106,"column":4}}},"14":{"name":"move","line":107,"loc":{"start":{"line":107,"column":4},"end":{"line":109,"column":4}}},"15":{"name":"permit","line":112,"loc":{"start":{"line":112,"column":4},"end":{"line":137,"column":4}}}},"statementMap":{"1":{"start":{"line":23,"column":8},"end":{"line":23,"column":21}},"2":{"start":{"line":26,"column":8},"end":{"line":26,"column":21}},"3":{"start":{"line":29,"column":8},"end":{"line":29,"column":60}},"4":{"start":{"line":49,"column":8},"end":{"line":49,"column":32}},"5":{"start":{"line":52,"column":8},"end":{"line":52,"column":32}},"6":{"start":{"line":61,"column":8},"end":{"line":61,"column":28}},"7":{"start":{"line":66,"column":8},"end":{"line":66,"column":49}},"8":{"start":{"line":69,"column":8},"end":{"line":69,"column":65}},"9":{"start":{"line":70,"column":8},"end":{"line":70,"column":2640}},"10":{"start":{"line":71,"column":12},"end":{"line":71,"column":83}},"11":{"start":{"line":72,"column":12},"end":{"line":72,"column":76}},"12":{"start":{"line":74,"column":8},"end":{"line":74,"column":48}},"13":{"start":{"line":75,"column":8},"end":{"line":75,"column":48}},"14":{"start":{"line":76,"column":8},"end":{"line":76,"column":36}},"15":{"start":{"line":77,"column":8},"end":{"line":77,"column":19}},"16":{"start":{"line":80,"column":8},"end":{"line":80,"column":48}},"17":{"start":{"line":81,"column":8},"end":{"line":81,"column":42}},"18":{"start":{"line":82,"column":8},"end":{"line":82,"column":43}},"19":{"start":{"line":85,"column":8},"end":{"line":85,"column":65}},"20":{"start":{"line":86,"column":8},"end":{"line":86,"column":3390}},"21":{"start":{"line":87,"column":12},"end":{"line":87,"column":83}},"22":{"start":{"line":88,"column":12},"end":{"line":88,"column":76}},"23":{"start":{"line":90,"column":8},"end":{"line":90,"column":48}},"24":{"start":{"line":91,"column":8},"end":{"line":91,"column":42}},"25":{"start":{"line":92,"column":8},"end":{"line":92,"column":43}},"26":{"start":{"line":95,"column":8},"end":{"line":95,"column":39}},"27":{"start":{"line":96,"column":8},"end":{"line":96,"column":43}},"28":{"start":{"line":97,"column":8},"end":{"line":97,"column":19}},"29":{"start":{"line":102,"column":8},"end":{"line":102,"column":41}},"30":{"start":{"line":105,"column":8},"end":{"line":105,"column":41}},"31":{"start":{"line":108,"column":8},"end":{"line":108,"column":34}},"32":{"start":{"line":122,"column":8},"end":{"line":122,"column":4568}},"33":{"start":{"line":130,"column":8},"end":{"line":130,"column":61}},"34":{"start":{"line":131,"column":8},"end":{"line":131,"column":74}},"35":{"start":{"line":132,"column":8},"end":{"line":132,"column":66}},"36":{"start":{"line":133,"column":8},"end":{"line":133,"column":62}},"37":{"start":{"line":134,"column":8},"end":{"line":134,"column":47}},"38":{"start":{"line":135,"column":8},"end":{"line":135,"column":39}},"39":{"start":{"line":136,"column":8},"end":{"line":136,"column":43}}},"branchMap":{"1":{"line":29,"type":"if","locations":[{"start":{"line":29,"column":8},"end":{"line":29,"column":8}},{"start":{"line":29,"column":8},"end":{"line":29,"column":8}}]},"2":{"line":49,"type":"if","locations":[{"start":{"line":49,"column":8},"end":{"line":49,"column":8}},{"start":{"line":49,"column":8},"end":{"line":49,"column":8}}]},"3":{"line":52,"type":"if","locations":[{"start":{"line":52,"column":8},"end":{"line":52,"column":8}},{"start":{"line":52,"column":8},"end":{"line":52,"column":8}}]},"4":{"line":69,"type":"if","locations":[{"start":{"line":69,"column":8},"end":{"line":69,"column":8}},{"start":{"line":69,"column":8},"end":{"line":69,"column":8}}]},"5":{"line":70,"type":"if","locations":[{"start":{"line":70,"column":8},"end":{"line":70,"column":8}},{"start":{"line":70,"column":8},"end":{"line":70,"column":8}}]},"6":{"line":71,"type":"if","locations":[{"start":{"line":71,"column":12},"end":{"line":71,"column":12}},{"start":{"line":71,"column":12},"end":{"line":71,"column":12}}]},"7":{"line":85,"type":"if","locations":[{"start":{"line":85,"column":8},"end":{"line":85,"column":8}},{"start":{"line":85,"column":8},"end":{"line":85,"column":8}}]},"8":{"line":86,"type":"if","locations":[{"start":{"line":86,"column":8},"end":{"line":86,"column":8}},{"start":{"line":86,"column":8},"end":{"line":86,"column":8}}]},"9":{"line":87,"type":"if","locations":[{"start":{"line":87,"column":12},"end":{"line":87,"column":12}},{"start":{"line":87,"column":12},"end":{"line":87,"column":12}}]},"10":{"line":130,"type":"if","locations":[{"start":{"line":130,"column":8},"end":{"line":130,"column":8}},{"start":{"line":130,"column":8},"end":{"line":130,"column":8}}]},"11":{"line":131,"type":"if","locations":[{"start":{"line":131,"column":8},"end":{"line":131,"column":8}},{"start":{"line":131,"column":8},"end":{"line":131,"column":8}}]},"12":{"line":132,"type":"if","locations":[{"start":{"line":132,"column":8},"end":{"line":132,"column":8}},{"start":{"line":132,"column":8},"end":{"line":132,"column":8}}]},"13":{"line":133,"type":"if","locations":[{"start":{"line":133,"column":8},"end":{"line":133,"column":8}},{"start":{"line":133,"column":8},"end":{"line":133,"column":8}}]}}},"contracts/mocks/ERC20Mock.sol":{"l":{"13":15,"14":15},"path":"/Users/kirillfedoseev/work/tokenbridge-contracts/contracts/contracts/mocks/ERC20Mock.sol","s":{"1":15},"b":{"1":[15,0]},"f":{"1":15,"2":15},"fnMap":{"1":{"name":"constructor","line":8,"loc":{"start":{"line":8,"column":4},"end":{"line":10,"column":4}}},"2":{"name":"hasMintPermission","line":12,"loc":{"start":{"line":12,"column":4},"end":{"line":15,"column":4}}}},"statementMap":{"1":{"start":{"line":13,"column":8},"end":{"line":13,"column":95}}},"branchMap":{"1":{"line":13,"type":"if","locations":[{"start":{"line":13,"column":8},"end":{"line":13,"column":8}},{"start":{"line":13,"column":8},"end":{"line":13,"column":8}}]}}},"contracts/mocks/ERC677BridgeTokenRewardableMock.sol":{"l":{"16":7,"20":5,"24":6,"28":10},"path":"/Users/kirillfedoseev/work/tokenbridge-contracts/contracts/contracts/mocks/ERC677BridgeTokenRewardableMock.sol","s":{"1":7,"2":5,"3":6,"4":10},"b":{},"f":{"1":47,"2":7,"3":5,"4":6,"5":10},"fnMap":{"1":{"name":"constructor","line":10,"loc":{"start":{"line":8,"column":4},"end":{"line":13,"column":4}}},"2":{"name":"setBlockRewardContractMock","line":15,"loc":{"start":{"line":15,"column":4},"end":{"line":17,"column":4}}},"3":{"name":"setStakingContractMock","line":19,"loc":{"start":{"line":19,"column":4},"end":{"line":21,"column":4}}},"4":{"name":"setNow","line":23,"loc":{"start":{"line":23,"column":4},"end":{"line":25,"column":4}}},"5":{"name":"_now","line":27,"loc":{"start":{"line":27,"column":4},"end":{"line":29,"column":4}}}},"statementMap":{"1":{"start":{"line":16,"column":8},"end":{"line":16,"column":49}},"2":{"start":{"line":20,"column":8},"end":{"line":20,"column":41}},"3":{"start":{"line":24,"column":8},"end":{"line":24,"column":35}},"4":{"start":{"line":28,"column":8},"end":{"line":28,"column":59}}},"branchMap":{}},"contracts/mocks/ERC677ReceiverTest.sol":{"l":{"12":10,"13":10,"14":10,"15":10,"16":10,"20":3},"path":"/Users/kirillfedoseev/work/tokenbridge-contracts/contracts/contracts/mocks/ERC677ReceiverTest.sol","s":{"1":10,"2":10,"3":10,"4":10,"5":10,"6":3},"b":{},"f":{"1":10,"2":3},"fnMap":{"1":{"name":"onTokenTransfer","line":11,"loc":{"start":{"line":11,"column":4},"end":{"line":17,"column":4}}},"2":{"name":"doSomething","line":19,"loc":{"start":{"line":19,"column":4},"end":{"line":21,"column":4}}}},"statementMap":{"1":{"start":{"line":12,"column":8},"end":{"line":12,"column":19}},"2":{"start":{"line":13,"column":8},"end":{"line":13,"column":21}},"3":{"start":{"line":14,"column":8},"end":{"line":14,"column":19}},"4":{"start":{"line":15,"column":8},"end":{"line":15,"column":32}},"5":{"start":{"line":16,"column":8},"end":{"line":16,"column":19}},"6":{"start":{"line":20,"column":8},"end":{"line":20,"column":23}}},"branchMap":{}},"contracts/mocks/FeeManagerMock.sol":{"l":{"15":0,"19":10},"path":"/Users/kirillfedoseev/work/tokenbridge-contracts/contracts/contracts/mocks/FeeManagerMock.sol","s":{"1":0,"2":10},"b":{},"f":{"1":0,"2":0,"3":0,"4":10},"fnMap":{"1":{"name":"distributeFeeFromAffirmation","line":6,"loc":{"start":{"line":6,"column":4},"end":{"line":8,"column":4}}},"2":{"name":"distributeFeeFromSignatures","line":10,"loc":{"start":{"line":10,"column":4},"end":{"line":12,"column":4}}},"3":{"name":"getFeeManagerMode","line":14,"loc":{"start":{"line":14,"column":4},"end":{"line":16,"column":4}}},"4":{"name":"randomTest","line":18,"loc":{"start":{"line":18,"column":4},"end":{"line":20,"column":4}}}},"statementMap":{"1":{"start":{"line":15,"column":8},"end":{"line":15,"column":25}},"2":{"start":{"line":19,"column":8},"end":{"line":19,"column":35}}},"branchMap":{}},"contracts/mocks/FeeReceiverMock.sol":{"l":{"10":1,"11":1,"15":1,"16":0},"path":"/Users/kirillfedoseev/work/tokenbridge-contracts/contracts/contracts/mocks/FeeReceiverMock.sol","s":{"1":1,"2":1,"3":1,"4":0},"b":{},"f":{"1":1,"2":1},"fnMap":{"1":{"name":"constructor","line":9,"loc":{"start":{"line":9,"column":4},"end":{"line":12,"column":4}}},"2":{"name":"onTokenTransfer","line":14,"loc":{"start":{"line":14,"column":4},"end":{"line":17,"column":4}}}},"statementMap":{"1":{"start":{"line":10,"column":8},"end":{"line":10,"column":27}},"2":{"start":{"line":11,"column":8},"end":{"line":11,"column":21}},"3":{"start":{"line":15,"column":8},"end":{"line":15,"column":51}},"4":{"start":{"line":16,"column":8},"end":{"line":16,"column":19}}},"branchMap":{}},"contracts/mocks/ForeignAMBWithGasTokenMock.sol":{"l":{"12":18,"16":12},"path":"/Users/kirillfedoseev/work/tokenbridge-contracts/contracts/contracts/mocks/ForeignAMBWithGasTokenMock.sol","s":{"1":18,"2":12},"b":{},"f":{"1":18,"2":12},"fnMap":{"1":{"name":"gasToken","line":10,"loc":{"start":{"line":10,"column":4},"end":{"line":13,"column":4}}},"2":{"name":"collectGasTokens","line":15,"loc":{"start":{"line":15,"column":4},"end":{"line":17,"column":4}}}},"statementMap":{"1":{"start":{"line":12,"column":8},"end":{"line":12,"column":68}},"2":{"start":{"line":16,"column":8},"end":{"line":16,"column":26}}},"branchMap":{}},"contracts/mocks/ForeignBridgeErcToNativeMock.sol":{"l":{"9":67,"13":368,"17":4},"path":"/Users/kirillfedoseev/work/tokenbridge-contracts/contracts/contracts/mocks/ForeignBridgeErcToNativeMock.sol","s":{"1":67,"2":368,"3":4},"b":{},"f":{"1":67,"2":368,"3":4},"fnMap":{"1":{"name":"setChaiToken","line":8,"loc":{"start":{"line":8,"column":4},"end":{"line":10,"column":4}}},"2":{"name":"chaiToken","line":12,"loc":{"start":{"line":12,"column":4},"end":{"line":14,"column":4}}},"3":{"name":"convertChaiToDai","line":16,"loc":{"start":{"line":16,"column":4},"end":{"line":18,"column":4}}}},"statementMap":{"1":{"start":{"line":9,"column":8},"end":{"line":9,"column":51}},"2":{"start":{"line":13,"column":8},"end":{"line":13,"column":53}},"3":{"start":{"line":17,"column":8},"end":{"line":17,"column":32}}},"branchMap":{}},"contracts/mocks/ForeignBridgeV2.sol":{"l":{"11":0,"12":0,"13":0,"18":1},"path":"/Users/kirillfedoseev/work/tokenbridge-contracts/contracts/contracts/mocks/ForeignBridgeV2.sol","s":{"1":0,"2":0,"3":0,"4":1},"b":{},"f":{"1":0,"2":1},"fnMap":{"1":{"name":"changeTokenOwnership","line":10,"loc":{"start":{"line":10,"column":4},"end":{"line":14,"column":4}}},"2":{"name":"doSomething","line":17,"loc":{"start":{"line":17,"column":4},"end":{"line":19,"column":4}}}},"statementMap":{"1":{"start":{"line":11,"column":8},"end":{"line":11,"column":46}},"2":{"start":{"line":12,"column":8},"end":{"line":12,"column":46}},"3":{"start":{"line":13,"column":8},"end":{"line":13,"column":44}},"4":{"start":{"line":18,"column":8},"end":{"line":18,"column":33}}},"branchMap":{}},"contracts/mocks/GasTokenMock.sol":{"l":{"11":0,"12":0,"13":0,"14":0,"15":0,"18":0,"32":0,"35":0,"37":0,"39":0,"42":0,"43":0,"46":0,"47":0,"51":0,"55":0,"59":0,"60":0,"62":0,"63":0,"66":0,"68":0,"76":0,"96":9,"100":0,"101":0,"102":0,"103":0,"104":0,"106":0,"112":0,"113":0,"118":0,"119":0,"120":0,"121":0,"123":0,"131":6,"132":6,"133":0,"135":6,"136":6,"137":6,"146":4,"174":0,"179":30,"216":6,"217":30,"219":6,"220":6,"235":11,"237":11,"238":0,"241":11,"250":0,"251":0,"252":0,"255":0,"257":0,"259":0,"267":11,"268":11,"269":11,"272":11,"274":11,"276":11,"284":0,"285":0,"286":0,"287":0,"290":0,"291":0,"292":0,"293":0,"296":0,"298":0,"299":0,"301":0,"309":0,"310":0,"311":0,"312":0,"315":0,"316":0,"317":0,"318":0,"321":0,"323":0,"324":0,"326":0},"path":"/Users/kirillfedoseev/work/tokenbridge-contracts/contracts/contracts/mocks/GasTokenMock.sol","s":{"1":0,"2":0,"3":0,"4":0,"5":0,"6":0,"7":0,"8":0,"9":0,"10":0,"11":0,"12":0,"13":0,"14":0,"15":0,"16":0,"17":0,"18":0,"19":0,"20":0,"21":0,"22":0,"23":9,"24":0,"25":0,"26":0,"27":0,"28":0,"29":0,"30":0,"31":0,"32":0,"33":0,"34":0,"35":0,"36":0,"37":6,"38":6,"39":0,"40":6,"41":6,"42":6,"43":4,"44":0,"45":6,"46":30,"47":6,"48":6,"49":11,"50":11,"51":0,"52":11,"53":0,"54":0,"55":0,"56":0,"57":0,"58":0,"59":11,"60":11,"61":11,"62":11,"63":11,"64":11,"65":0,"66":0,"67":0,"68":0,"69":0,"70":0,"71":0,"72":0,"73":0,"74":0,"75":0,"76":0,"77":0,"78":0,"79":0,"80":0,"81":0,"82":0,"83":0,"84":0,"85":0,"86":0,"87":0,"88":0},"b":{"1":[0,0],"2":[0,0],"3":[0,0],"4":[0,0],"5":[0,0],"6":[0,6],"7":[0,0],"8":[11,0],"9":[0,0],"10":[0,0],"11":[0,0],"12":[0,0]},"f":{"1":0,"2":0,"3":9,"4":0,"5":0,"6":0,"7":6,"8":4,"9":0,"10":30,"11":6,"12":11,"13":0,"14":11,"15":0,"16":0},"fnMap":{"1":{"name":"count_bytes","line":10,"loc":{"start":{"line":10,"column":4},"end":{"line":19,"column":4}}},"2":{"name":"mk_contract_address","line":21,"loc":{"start":{"line":21,"column":4},"end":{"line":77,"column":4}}},"3":{"name":"balanceOf","line":95,"loc":{"start":{"line":95,"column":4},"end":{"line":97,"column":4}}},"4":{"name":"internalTransfer","line":99,"loc":{"start":{"line":99,"column":4},"end":{"line":108,"column":4}}},"5":{"name":"transfer","line":111,"loc":{"start":{"line":111,"column":4},"end":{"line":114,"column":4}}},"6":{"name":"transferFrom","line":117,"loc":{"start":{"line":117,"column":4},"end":{"line":125,"column":4}}},"7":{"name":"approve","line":130,"loc":{"start":{"line":130,"column":4},"end":{"line":138,"column":4}}},"8":{"name":"allowance","line":145,"loc":{"start":{"line":145,"column":4},"end":{"line":147,"column":4}}},"9":{"name":"totalSupply","line":173,"loc":{"start":{"line":173,"column":4},"end":{"line":175,"column":4}}},"10":{"name":"makeChild","line":178,"loc":{"start":{"line":178,"column":4},"end":{"line":210,"column":4}}},"11":{"name":"mint","line":215,"loc":{"start":{"line":215,"column":4},"end":{"line":221,"column":4}}},"12":{"name":"destroyChildren","line":234,"loc":{"start":{"line":234,"column":4},"end":{"line":242,"column":4}}},"13":{"name":"free","line":249,"loc":{"start":{"line":249,"column":4},"end":{"line":260,"column":4}}},"14":{"name":"freeUpTo","line":266,"loc":{"start":{"line":266,"column":4},"end":{"line":277,"column":4}}},"15":{"name":"freeFrom","line":283,"loc":{"start":{"line":283,"column":4},"end":{"line":302,"column":4}}},"16":{"name":"freeFromUpTo","line":308,"loc":{"start":{"line":308,"column":4},"end":{"line":327,"column":4}}}},"statementMap":{"1":{"start":{"line":11,"column":8},"end":{"line":11,"column":18}},"2":{"start":{"line":12,"column":8},"end":{"line":12,"column":21}},"3":{"start":{"line":13,"column":8},"end":{"line":13,"column":393}},"4":{"start":{"line":14,"column":12},"end":{"line":14,"column":17}},"5":{"start":{"line":15,"column":12},"end":{"line":15,"column":22}},"6":{"start":{"line":18,"column":8},"end":{"line":18,"column":16}},"7":{"start":{"line":32,"column":8},"end":{"line":32,"column":30}},"8":{"start":{"line":35,"column":8},"end":{"line":35,"column":27}},"9":{"start":{"line":37,"column":8},"end":{"line":37,"column":29}},"10":{"start":{"line":39,"column":8},"end":{"line":39,"column":1153}},"11":{"start":{"line":42,"column":12},"end":{"line":42,"column":26}},"12":{"start":{"line":43,"column":12},"end":{"line":43,"column":28}},"13":{"start":{"line":46,"column":12},"end":{"line":46,"column":39}},"14":{"start":{"line":47,"column":12},"end":{"line":47,"column":42}},"15":{"start":{"line":51,"column":8},"end":{"line":51,"column":61}},"16":{"start":{"line":55,"column":8},"end":{"line":55,"column":1785}},"17":{"start":{"line":59,"column":8},"end":{"line":59,"column":1910}},"18":{"start":{"line":60,"column":12},"end":{"line":60,"column":29}},"19":{"start":{"line":62,"column":12},"end":{"line":62,"column":47}},"20":{"start":{"line":63,"column":12},"end":{"line":63,"column":45}},"21":{"start":{"line":66,"column":8},"end":{"line":66,"column":20}},"22":{"start":{"line":76,"column":8},"end":{"line":76,"column":28}},"23":{"start":{"line":96,"column":8},"end":{"line":96,"column":32}},"24":{"start":{"line":100,"column":8},"end":{"line":100,"column":3383}},"25":{"start":{"line":101,"column":12},"end":{"line":101,"column":36}},"26":{"start":{"line":102,"column":12},"end":{"line":102,"column":34}},"27":{"start":{"line":103,"column":12},"end":{"line":103,"column":36}},"28":{"start":{"line":104,"column":12},"end":{"line":104,"column":23}},"29":{"start":{"line":106,"column":12},"end":{"line":106,"column":24}},"30":{"start":{"line":112,"column":8},"end":{"line":112,"column":33}},"31":{"start":{"line":113,"column":8},"end":{"line":113,"column":48}},"32":{"start":{"line":118,"column":8},"end":{"line":118,"column":36}},"33":{"start":{"line":119,"column":8},"end":{"line":119,"column":4072}},"34":{"start":{"line":120,"column":12},"end":{"line":120,"column":47}},"35":{"start":{"line":121,"column":12},"end":{"line":121,"column":23}},"36":{"start":{"line":123,"column":12},"end":{"line":123,"column":24}},"37":{"start":{"line":131,"column":8},"end":{"line":131,"column":34}},"38":{"start":{"line":132,"column":8},"end":{"line":132,"column":4615}},"39":{"start":{"line":133,"column":12},"end":{"line":133,"column":24}},"40":{"start":{"line":135,"column":8},"end":{"line":135,"column":43}},"41":{"start":{"line":136,"column":8},"end":{"line":136,"column":38}},"42":{"start":{"line":137,"column":8},"end":{"line":137,"column":19}},"43":{"start":{"line":146,"column":8},"end":{"line":146,"column":43}},"44":{"start":{"line":174,"column":8},"end":{"line":174,"column":30}},"45":{"start":{"line":216,"column":8},"end":{"line":216,"column":8664}},"46":{"start":{"line":217,"column":12},"end":{"line":217,"column":22}},"47":{"start":{"line":219,"column":8},"end":{"line":219,"column":22}},"48":{"start":{"line":220,"column":8},"end":{"line":220,"column":38}},"49":{"start":{"line":235,"column":8},"end":{"line":235,"column":29}},"50":{"start":{"line":237,"column":8},"end":{"line":237,"column":9858}},"51":{"start":{"line":238,"column":12},"end":{"line":238,"column":46}},"52":{"start":{"line":241,"column":8},"end":{"line":241,"column":28}},"53":{"start":{"line":250,"column":8},"end":{"line":250,"column":53}},"54":{"start":{"line":251,"column":8},"end":{"line":251,"column":10510}},"55":{"start":{"line":252,"column":12},"end":{"line":252,"column":24}},"56":{"start":{"line":255,"column":8},"end":{"line":255,"column":29}},"57":{"start":{"line":257,"column":8},"end":{"line":257,"column":52}},"58":{"start":{"line":259,"column":8},"end":{"line":259,"column":19}},"59":{"start":{"line":267,"column":8},"end":{"line":267,"column":53}},"60":{"start":{"line":268,"column":8},"end":{"line":268,"column":11116}},"61":{"start":{"line":269,"column":12},"end":{"line":269,"column":31}},"62":{"start":{"line":272,"column":8},"end":{"line":272,"column":29}},"63":{"start":{"line":274,"column":8},"end":{"line":274,"column":52}},"64":{"start":{"line":276,"column":8},"end":{"line":276,"column":20}},"65":{"start":{"line":284,"column":8},"end":{"line":284,"column":36}},"66"
[...]
{"start":{"line":95,"column":8},"end":{"line":95,"column":57}}},"branchMap":{"1":{"line":60,"type":"if","locations":[{"start":{"line":60,"column":8},"end":{"line":60,"column":8}},{"start":{"line":60,"column":8},"end":{"line":60,"column":8}}]},"2":{"line":66,"type":"if","locations":[{"start":{"line":66,"column":8},"end":{"line":66,"column":8}},{"start":{"line":66,"column":8},"end":{"line":66,"column":8}}]},"3":{"line":89,"type":"if","locations":[{"start":{"line":89,"column":8},"end":{"line":89,"column":8}},{"start":{"line":89,"column":8},"end":{"line":89,"column":8}}]},"4":{"line":94,"type":"if","locations":[{"start":{"line":94,"column":8},"end":{"line":94,"column":8}},{"start":{"line":94,"column":8},"end":{"line":94,"column":8}}]}}},"contracts/upgradeable_contracts/RewardableMediator.sol":{"l":{"22":8,"30":100,"31":92,"39":28,"49":4,"50":4,"51":4},"path":"/Users/kirillfedoseev/work/tokenbridge-contracts/contracts/contracts/upgradeable_contracts/RewardableMediator.sol","s":{"1":8,"2":100,"3":92,"4":28,"5":4,"6":4,"7":4},"b":{"1":[92,8]},"f":{"1":8,"2":100,"3":28,"4":4},"fnMap":{"1":{"name":"setFeeManagerContract","line":21,"loc":{"start":{"line":21,"column":4},"end":{"line":23,"column":4}}},"2":{"name":"_setFeeManagerContract","line":29,"loc":{"start":{"line":29,"column":4},"end":{"line":32,"column":4}}},"3":{"name":"feeManagerContract","line":38,"loc":{"start":{"line":38,"column":4},"end":{"line":40,"column":4}}},"4":{"name":"distributeFee","line":48,"loc":{"start":{"line":48,"column":4},"end":{"line":52,"column":4}}}},"statementMap":{"1":{"start":{"line":22,"column":8},"end":{"line":22,"column":42}},"2":{"start":{"line":30,"column":8},"end":{"line":30,"column":81}},"3":{"start":{"line":31,"column":8},"end":{"line":31,"column":57}},"4":{"start":{"line":39,"column":8},"end":{"line":39,"column":72}},"5":{"start":{"line":49,"column":8},"end":{"line":49,"column":43}},"6":{"start":{"line":50,"column":8},"end":{"line":50,"column":91}},"7":{"start":{"line":51,"column":8},"end":{"line":51,"column":45}}},"branchMap":{"1":{"line":30,"type":"if","locations":[{"start":{"line":30,"column":8},"end":{"line":30,"column":8}},{"start":{"line":30,"column":8},"end":{"line":30,"column":8}}]}}},"contracts/upgradeable_contracts/RewardableValidators.sol":{"l":{"12":106,"13":104,"14":104,"15":104,"16":104,"17":104,"19":102,"20":848,"21":844,"22":842,"24":842,"25":96,"26":96,"27":42,"30":54,"31":54,"33":692,"36":842,"37":842,"40":96,"41":94,"42":94,"43":94,"44":94,"46":94,"50":9,"51":7,"52":1,"53":1,"57":16,"58":10,"59":10,"63":360,"67":843},"path":"/Users/kirillfedoseev/work/tokenbridge-contracts/contracts/contracts/upgradeable_contracts/RewardableValidators.sol","s":{"1":106,"2":104,"3":104,"4":104,"5":104,"6":104,"7":102,"8":848,"9":844,"10":842,"11":842,"12":96,"13":96,"14":42,"15":746,"16":54,"17":54,"18":692,"19":842,"20":842,"21":96,"22":94,"23":94,"24":94,"25":94,"26":94,"27":9,"28":7,"29":1,"30":1,"31":16,"32":10,"33":10,"34":360,"35":843},"b":{"1":[104,2],"2":[104,0],"3":[104,0],"4":[104,0],"5":[102,2],"6":[844,4],"7":[842,2],"8":[842,0],"9":[96,746],"10":[42,54],"11":[54,692],"12":[7,2]},"f":{"1":106,"2":9,"3":16,"4":360,"5":843},"fnMap":{"1":{"name":"initialize","line":11,"loc":{"start":{"line":6,"column":4},"end":{"line":47,"column":4}}},"2":{"name":"addRewardableValidator","line":49,"loc":{"start":{"line":49,"column":4},"end":{"line":54,"column":4}}},"3":{"name":"removeValidator","line":56,"loc":{"start":{"line":56,"column":4},"end":{"line":60,"column":4}}},"4":{"name":"getValidatorRewardAddress","line":62,"loc":{"start":{"line":62,"column":4},"end":{"line":64,"column":4}}},"5":{"name":"setValidatorRewardAddress","line":66,"loc":{"start":{"line":66,"column":4},"end":{"line":68,"column":4}}}},"statementMap":{"1":{"start":{"line":12,"column":8},"end":{"line":12,"column":32}},"2":{"start":{"line":13,"column":8},"end":{"line":13,"column":36}},"3":{"start":{"line":14,"column":8},"end":{"line":14,"column":23}},"4":{"start":{"line":15,"column":8},"end":{"line":15,"column":40}},"5":{"start":{"line":16,"column":8},"end":{"line":16,"column":64}},"6":{"start":{"line":17,"column":8},"end":{"line":17,"column":67}},"7":{"start":{"line":19,"column":8},"end":{"line":19,"column":626}},"8":{"start":{"line":20,"column":12},"end":{"line":20,"column":90}},"9":{"start":{"line":21,"column":12},"end":{"line":21,"column":52}},"10":{"start":{"line":22,"column":12},"end":{"line":22,"column":55}},"11":{"start":{"line":24,"column":12},"end":{"line":24,"column":907}},"12":{"start":{"line":25,"column":16},"end":{"line":25,"column":62}},"13":{"start":{"line":26,"column":16},"end":{"line":26,"column":1006}},"14":{"start":{"line":27,"column":20},"end":{"line":27,"column":66}},"15":{"start":{"line":29,"column":19},"end":{"line":29,"column":1146}},"16":{"start":{"line":30,"column":16},"end":{"line":30,"column":81}},"17":{"start":{"line":31,"column":16},"end":{"line":31,"column":62}},"18":{"start":{"line":33,"column":16},"end":{"line":33,"column":81}},"19":{"start":{"line":36,"column":12},"end":{"line":36,"column":79}},"20":{"start":{"line":37,"column":12},"end":{"line":37,"column":54}},"21":{"start":{"line":40,"column":8},"end":{"line":40,"column":51}},"22":{"start":{"line":41,"column":8},"end":{"line":41,"column":61}},"23":{"start":{"line":42,"column":8},"end":{"line":42,"column":52}},"24":{"start":{"line":43,"column":8},"end":{"line":43,"column":22}},"25":{"start":{"line":44,"column":8},"end":{"line":44,"column":59}},"26":{"start":{"line":46,"column":8},"end":{"line":46,"column":30}},"27":{"start":{"line":50,"column":8},"end":{"line":50,"column":37}},"28":{"start":{"line":51,"column":8},"end":{"line":51,"column":32}},"29":{"start":{"line":52,"column":8},"end":{"line":52,"column":53}},"30":{"start":{"line":53,"column":8},"end":{"line":53,"column":39}},"31":{"start":{"line":57,"column":8},"end":{"line":57,"column":35}},"32":{"start":{"line":58,"column":8},"end":{"line":58,"column":68}},"33":{"start":{"line":59,"column":8},"end":{"line":59,"column":41}},"34":{"start":{"line":63,"column":8},"end":{"line":63,"column":91}},"35":{"start":{"line":67,"column":8},"end":{"line":67,"column":93}}},"branchMap":{"1":{"line":12,"type":"if","locations":[{"start":{"line":12,"column":8},"end":{"line":12,"column":8}},{"start":{"line":12,"column":8},"end":{"line":12,"column":8}}]},"2":{"line":13,"type":"if","locations":[{"start":{"line":13,"column":8},"end":{"line":13,"column":8}},{"start":{"line":13,"column":8},"end":{"line":13,"column":8}}]},"3":{"line":15,"type":"if","locations":[{"start":{"line":15,"column":8},"end":{"line":15,"column":8}},{"start":{"line":15,"column":8},"end":{"line":15,"column":8}}]},"4":{"line":16,"type":"if","locations":[{"start":{"line":16,"column":8},"end":{"line":16,"column":8}},{"start":{"line":16,"column":8},"end":{"line":16,"column":8}}]},"5":{"line":17,"type":"if","locations":[{"start":{"line":17,"column":8},"end":{"line":17,"column":8}},{"start":{"line":17,"column":8},"end":{"line":17,"column":8}}]},"6":{"line":20,"type":"if","locations":[{"start":{"line":20,"column":12},"end":{"line":20,"column":12}},{"start":{"line":20,"column":12},"end":{"line":20,"column":12}}]},"7":{"line":21,"type":"if","locations":[{"start":{"line":21,"column":12},"end":{"line":21,"column":12}},{"start":{"line":21,"column":12},"end":{"line":21,"column":12}}]},"8":{"line":22,"type":"if","locations":[{"start":{"line":22,"column":12},"end":{"line":22,"column":12}},{"start":{"line":22,"column":12},"end":{"line":22,"column":12}}]},"9":{"line":24,"type":"if","locations":[{"start":{"line":24,"column":12},"end":{"line":24,"column":12}},{"start":{"line":24,"column":12},"end":{"line":24,"column":12}}]},"10":{"line":26,"type":"if","locations":[{"start":{"line":26,"column":16},"end":{"line":26,"column":16}},{"start":{"line":26,"column":16},"end":{"line":26,"column":16}}]},"11":{"line":29,"type":"if","locations":[{"start":{"line":29,"column":19},"end":{"line":29,"column":19}},{"start":{"line":29,"column":19},"end":{"line":29,"column":19}}]},"12":{"line":50,"type":"if","locations":[{"start":{"line":50,"column":8},"end":{"line":50,"column":8}},{"start":{"line":50,"column":8},"end":{"line":50,"column":8}}]}}},"contracts/upgradeable_contracts/Sacrifice.sol":{"l":{"5":22},"path":"/Users/kirillfedoseev/work/tokenbridge-contracts/contracts/contracts/upgradeable_contracts/Sacrifice.sol","s":{"1":22},"b":{},"f":{"1":22},"fnMap":{"1":{"name":"constructor","line":4,"loc":{"start":{"line":4,"column":4},"end":{"line":6,"column":4}}}},"statementMap":{"1":{"start":{"line":5,"column":8},"end":{"line":5,"column":31}}},"branchMap":{}},"contracts/upgradeable_contracts/TokenBridgeMediator.sol":{"l":{"24":127,"25":127,"27":127,"33":126,"34":126,"44":73,"45":50,"46":50,"48":23,"58":54,"59":42,"60":30,"62":18,"63":18,"64":18,"73":25,"75":17,"76":17,"77":17,"78":17,"79":17},"path":"/Users/kirillfedoseev/work/tokenbridge-contracts/contracts/contracts/upgradeable_contracts/TokenBridgeMediator.sol","s":{"1":127,"2":127,"3":127,"4":126,"5":126,"6":73,"7":50,"8":50,"9":23,"10":54,"11":42,"12":30,"13":18,"14":18,"15":18,"16":25,"17":17,"18":17,"19":17,"20":17,"21":17},"b":{"1":[50,23],"2":[42,12],"3":[30,12],"4":[18,12],"5":[17,8]},"f":{"1":127,"2":73,"3":54,"4":25},"fnMap":{"1":{"name":"passMessage","line":23,"loc":{"start":{"line":23,"column":4},"end":{"line":35,"column":4}}},"2":{"name":"handleBridgedTokens","line":43,"loc":{"start":{"line":43,"column":4},"end":{"line":50,"column":4}}},"3":{"name":"requestFailedMessageFix","line":57,"loc":{"start":{"line":57,"column":4},"end":{"line":65,"column":4}}},"4":{"name":"fixFailedMessage","line":72,"loc":{"start":{"line":72,"column":4},"end":{"line":80,"column":4}}}},"statementMap":{"1":{"start":{"line":24,"column":8},"end":{"line":24,"column":65}},"2":{"start":{"line":25,"column":8},"end":{"line":25,"column":85}},"3":{"start":{"line":27,"column":8},"end":{"line":27,"column":1360}},"4":{"start":{"line":33,"column":8},"end":{"line":33,"column":42}},"5":{"start":{"line":34,"column":8},"end":{"line":34,"column":45}},"6":{"start":{"line":44,"column":8},"end":{"line":44,"column":2015}},"7":{"start":{"line":45,"column":12},"end":{"line":45,"column":58}},"8":{"start":{"line":46,"column":12},"end":{"line":46,"column":59}},"9":{"start":{"line":48,"column":12},"end":{"line":48,"column":69}},"10":{"start":{"line":58,"column":8},"end":{"line":58,"column":63}},"11":{"start":{"line":59,"column":8},"end":{"line":59,"column":83}},"12":{"start":{"line":60,"column":8},"end":{"line":60,"column":97}},"13":{"start":{"line":62,"column":8},"end":{"line":62,"column":62}},"14":{"start":{"line":63,"column":8},"end":{"line":63,"column":78}},"15":{"start":{"line":64,"column":8},"end":{"line":64,"column":100}},"16":{"start":{"line":73,"column":8},"end":{"line":73,"column":41}},"17":{"start":{"line":75,"column":8},"end":{"line":75,"column":56}},"18":{"start":{"line":76,"column":8},"end":{"line":76,"column":48}},"19":{"start":{"line":77,"column":8},"end":{"line":77,"column":34}},"20":{"start":{"line":78,"column":8},"end":{"line":78,"column":51}},"21":{"start":{"line":79,"column":8},"end":{"line":79,"column":61}}},"branchMap":{"1":{"line":44,"type":"if","locations":[{"start":{"line":44,"column":8},"end":{"line":44,"column":8}},{"start":{"line":44,"column":8},"end":{"line":44,"column":8}}]},"2":{"line":58,"type":"if","locations":[{"start":{"line":58,"column":8},"end":{"line":58,"column":8}},{"start":{"line":58,"column":8},"end":{"line":58,"column":8}}]},"3":{"line":59,"type":"if","locations":[{"start":{"line":59,"column":8},"end":{"line":59,"column":8}},{"start":{"line":59,"column":8},"end":{"line":59,"column":8}}]},"4":{"line":60,"type":"if","locations":[{"start":{"line":60,"column":8},"end":{"line":60,"column":8}},{"start":{"line":60,"column":8},"end":{"line":60,"column":8}}]},"5":{"line":73,"type":"if","locations":[{"start":{"line":73,"column":8},"end":{"line":73,"column":8}},{"start":{"line":73,"column":8},"end":{"line":73,"column":8}}]}}},"contracts/upgradeable_contracts/TokenSwapper.sol":{"l":{},"path":"/Users/kirillfedoseev/work/tokenbridge-contracts/contracts/contracts/upgradeable_contracts/TokenSwapper.sol","s":{},"b":{},"f":{},"fnMap":{},"statementMap":{},"branchMap":{}},"contracts/upgradeable_contracts/TransferInfoStorage.sol":{"l":{"12":230,"20":31,"29":230,"37":31,"45":31,"53":131},"path":"/Users/kirillfedoseev/work/tokenbridge-contracts/contracts/contracts/upgradeable_contracts/TransferInfoStorage.sol","s":{"1":230,"2":31,"3":230,"4":31,"5":31,"6":131},"b":{},"f":{"1":230,"2":31,"3":230,"4":31,"5":31,"6":131},"fnMap":{"1":{"name":"setMessageValue","line":11,"loc":{"start":{"line":11,"column":4},"end":{"line":13,"column":4}}},"2":{"name":"messageValue","line":19,"loc":{"start":{"line":19,"column":4},"end":{"line":21,"column":4}}},"3":{"name":"setMessageRecipient","line":28,"loc":{"start":{"line":28,"column":4},"end":{"line":30,"column":4}}},"4":{"name":"messageRecipient","line":36,"loc":{"start":{"line":36,"column":4},"end":{"line":38,"column":4}}},"5":{"name":"setMessageFixed","line":44,"loc":{"start":{"line":44,"column":4},"end":{"line":46,"column":4}}},"6":{"name":"messageFixed","line":52,"loc":{"start":{"line":52,"column":4},"end":{"line":54,"column":4}}}},"statementMap":{"1":{"start":{"line":12,"column":8},"end":{"line":12,"column":84}},"2":{"start":{"line":20,"column":8},"end":{"line":20,"column":83}},"3":{"start":{"line":29,"column":8},"end":{"line":29,"column":95}},"4":{"start":{"line":37,"column":8},"end":{"line":37,"column":90}},"5":{"start":{"line":45,"column":8},"end":{"line":45,"column":82}},"6":{"start":{"line":53,"column":8},"end":{"line":53,"column":83}}},"branchMap":{}},"contracts/upgradeable_contracts/Upgradeable.sol":{"l":{"8":203,"10":155},"path":"/Users/kirillfedoseev/work/tokenbridge-contracts/contracts/contracts/upgradeable_contracts/Upgradeable.sol","s":{"1":203},"b":{"1":[155,48]},"f":{"1":203},"fnMap":{"1":{"name":"onlyIfUpgradeabilityOwner","line":7,"loc":{"start":{"line":7,"column":4},"end":{"line":11,"column":4}}}},"statementMap":{"1":{"start":{"line":8,"column":8},"end":{"line":8,"column":85}}},"branchMap":{"1":{"line":8,"type":"if","locations":[{"start":{"line":8,"column":8},"end":{"line":8,"column":8}},{"start":{"line":8,"column":8},"end":{"line":8,"column":8}}]}}},"contracts/upgradeable_contracts/Validatable.sol":{"l":{"9":620,"13":290,"15":279,"19":179},"path":"/Users/kirillfedoseev/work/tokenbridge-contracts/contracts/contracts/upgradeable_contracts/Validatable.sol","s":{"1":620,"2":290,"3":179},"b":{"1":[279,11]},"f":{"1":620,"2":290,"3":179},"fnMap":{"1":{"name":"validatorContract","line":8,"loc":{"start":{"line":8,"column":4},"end":{"line":10,"column":4}}},"2":{"name":"onlyValidator","line":12,"loc":{"start":{"line":12,"column":4},"end":{"line":16,"column":4}}},"3":{"name":"requiredSignatures","line":18,"loc":{"start":{"line":18,"column":4},"end":{"line":20,"column":4}}}},"statementMap":{"1":{"start":{"line":9,"column":8},"end":{"line":9,"column":68}},"2":{"start":{"line":13,"column":8},"end":{"line":13,"column":59}},"3":{"start":{"line":19,"column":8},"end":{"line":19,"column":55}}},"branchMap":{"1":{"line":13,"type":"if","locations":[{"start":{"line":13,"column":8},"end":{"line":13,"column":8}},{"start":{"line":13,"column":8},"end":{"line":13,"column":8}}]}}},"contracts/upgradeable_contracts/ValidatorsFeeManager.sol":{"l":{"12":12,"16":12,"20":24,"24":24,"26":24,"27":24,"29":24,"31":24,"32":24,"33":24,"34":6,"37":24,"38":24,"40":24,"41":24,"42":354,"43":354,"44":6,"47":354,"48":354,"50":354,"51":354,"52":354,"57":354,"58":177,"60":177},"path":"/Users/kirillfedoseev/work/tokenbridge-contracts/contracts/contracts/upgradeable_contracts/ValidatorsFeeManager.sol","s":{"1":12,"2":12,"3":24,"4":24,"5":24,"6":24,"7":24,"8":24,"9":24,"10":24,"11":6,"12":24,"13":24,"14":24,"15":24,"16":354,"17":354,"18":6,"19":354,"20":354,"21":354,"22":354,"23":354,"24":354,"25":177,"26":177},"b":{"1":[6,18],"2":[24,0],"3":[6,348],"4":[354,0],"5":[177,177]},"f":{"1":12,"2":12,"3":24,"4":24,"5":354},"fnMap":{"1":{"name":"distributeFeeFromAffirmation","line":11,"loc":{"start":{"line":11,"column":4},"end":{"line":13,"column":4}}},"2":{"name":"distributeFeeFromSignatures","line":15,"loc":{"start":{"line":15,"column":4},"end":{"line":17,"column":4}}},"3":{"name":"rewardableValidatorContract","line":19,"loc":{"start":{"line":19,"column":4},"end":{"line":21,"column":4}}},"4":{"name":"distributeFeeProportionally","line":23,"loc":{"start":{"line":23,"column":4},"end":{"line":54,"column":4}}},"5":{"name":"onFeeDistribution","line":56,"loc":{"start":{"line":56,"column":4},"end":{"line":62,"column":4}}}},"statementMap":{"1":{"start":{"line":12,"column":8},"end":{"line":12,"column":78}},"2":{"start":{"line":16,"column":8},"end":{"line":16,"column":75}},"3":{"start":{"line":20,"column":8},"end":{"line":20,"column":72}},"4":{"start":{"line":24,"column":8},"end":{"line":24,"column":72}},"5":{"start":{"line":26,"column":8},"end":{"line":26,"column":67}},"6":{"start":{"line":27,"column":8},"end":{"line":27,"column":61}},"7":{"start":{"line":29,"column":8},"end":{"line":29,"column":59}},"8":{"start":{"line":31,"column":8},"end":{"line":31,"column":36}},"9":{"start":{"line":32,"column":8},"end":{"line":32,"column":69}},"10":{"start":{"line":33,"column":8},"end":{"line":33,"column":1622}},"11":{"start":{"line":34,"column":12},"end":{"line":34,"column":57}},"12":{"start":{"line":37,"column":8},"end":{"line":37,"column":67}},"13":{"start":{"line":38,"column":8},"end":{"line":38,"column":74}},"14":{"start":{"line":40,"column":8},"end":{"line":40,"column":21}},"15":{"start":{"line":41,"column":8},"end":{"line":41,"column":1887}},"16":{"start":{"line":42,"column":12},"end":{"line":42,"column":53}},"17":{"start":{"line":43,"column":12},"end":{"line":43,"column":1992}},"18":{"start":{"line":44,"column":16},"end":{"line":44,"column":58}},"19":{"start":{"line":47,"column":12},"end":{"line":47,"column":87}},"20":{"start":{"line":48,"column":12},"end":{"line":48,"column":72}},"21":{"start":{"line":50,"column":12},"end":{"line":50,"column":69}},"22":{"start":{"line":51,"column":12},"end":{"line":51,"column":47}},"23":{"start":{"line":52,"column":12},"end":{"line":52,"column":20}},"24":{"start":{"line":57,"column":8},"end":{"line":57,"column":2544}},"25":{"start":{"line":58,"column":12},"end":{"line":58,"column":61}},"26":{"start":{"line":60,"column":12},"end":{"line":60,"column":59}}},"branchMap":{"1":{"line":33,"type":"if","locations":[{"start":{"line":33,"column":8},"end":{"line":33,"column":8}},{"start":{"line":33,"column":8},"end":{"line":33,"column":8}}]},"2":{"line":38,"type":"if","locations":[{"start":{"line":38,"column":8},"end":{"line":38,"column":8}},{"start":{"line":38,"column":8},"end":{"line":38,"column":8}}]},"3":{"line":43,"type":"if","locations":[{"start":{"line":43,"column":12},"end":{"line":43,"column":12}},{"start":{"line":43,"column":12},"end":{"line":43,"column":12}}]},"4":{"line":51,"type":"if","locations":[{"start":{"line":51,"column":12},"end":{"line":51,"column":12}},{"start":{"line":51,"column":12},"end":{"line":51,"column":12}}]},"5":{"line":57,"type":"if","locations":[{"start":{"line":57,"column":8},"end":{"line":57,"column":8}},{"start":{"line":57,"column":8},"end":{"line":57,"column":8}}]}}},"contracts/upgradeable_contracts/ValidatorStorage.sol":{"l":{},"path":"/Users/kirillfedoseev/work/tokenbridge-contracts/contracts/contracts/upgradeable_contracts/ValidatorStorage.sol","s":{},"b":{},"f":{},"fnMap":{},"statementMap":{},"branchMap":{}},"contracts/upgradeable_contracts/VersionableBridge.sol":{"l":{"5":10},"path":"/Users/kirillfedoseev/work/tokenbridge-contracts/contracts/contracts/upgradeable_contracts/VersionableBridge.sol","s":{"1":10},"b":{},"f":{"1":10},"fnMap":{"1":{"name":"getBridgeInterfacesVersion","line":4,"loc":{"start":{"line":4,"column":4},"end":{"line":6,"column":4}}}},"statementMap":{"1":{"start":{"line":5,"column":8},"end":{"line":5,"column":24}}},"branchMap":{}}}